Classic Timing Analyzer report for AC_REMOTE
Thu Mar 31 16:24:52 2016
Quartus II Version 9.0 Build 184 04/29/2009 Service Pack 1 SJ Web Edition


---------------------
; Table of Contents ;
---------------------
  1. Legal Notice
  2. Timing Analyzer Summary
  3. Timing Analyzer Settings
  4. Clock Settings Summary
  5. Parallel Compilation
  6. Clock Setup: 'TEMPUP'
  7. Clock Setup: 'TEMPDOWN'
  8. Clock Setup: 'RESET'
  9. Clock Setup: 'FANUP'
 10. Clock Setup: 'FANDOWN'
 11. tsu
 12. tco
 13. tpd
 14. th
 15. Timing Analyzer Messages



----------------
; Legal Notice ;
----------------
Copyright (C) 1991-2009 Altera Corporation
Your use of Altera Corporation's design tools, logic functions 
and other software and tools, and its AMPP partner logic 
functions, and any output files from any of the foregoing 
(including device programming or simulation files), and any 
associated documentation or information are expressly subject 
to the terms and conditions of the Altera Program License 
Subscription Agreement, Altera MegaCore Function License 
Agreement, or other applicable license agreement, including, 
without limitation, that your use is for the sole purpose of 
programming logic devices manufactured by Altera and sold by 
Altera or its authorized distributors.  Please refer to the 
applicable agreement for further details.



+----------------------------------------------------------------------------------------------------------------------------------------------------------------------------------+
; Timing Analyzer Summary                                                                                                                                                          ;
+------------------------------+-------+---------------+----------------------------------+------------------------+------------------------+------------+----------+--------------+
; Type                         ; Slack ; Required Time ; Actual Time                      ; From                   ; To                     ; From Clock ; To Clock ; Failed Paths ;
+------------------------------+-------+---------------+----------------------------------+------------------------+------------------------+------------+----------+--------------+
; Worst-case tsu               ; N/A   ; None          ; 11.500 ns                        ; TEMPUP                 ; TEMPERATURE_STORAGE[5] ; --         ; TEMPUP   ; 0            ;
; Worst-case tco               ; N/A   ; None          ; 24.000 ns                        ; FANSPEED_STORAGE[1]    ; FANSPEED[0]            ; RESET      ; --       ; 0            ;
; Worst-case tpd               ; N/A   ; None          ; 15.000 ns                        ; FANDOWN                ; FANSPEED[0]            ; --         ; --       ; 0            ;
; Worst-case th                ; N/A   ; None          ; 5.000 ns                         ; FANUP                  ; FANSPEED_STORAGE[1]    ; --         ; RESET    ; 0            ;
; Clock Setup: 'TEMPUP'        ; N/A   ; None          ; 52.63 MHz ( period = 19.000 ns ) ; TEMPERATURE_STORAGE[4] ; TEMPERATURE_STORAGE[5] ; TEMPUP     ; TEMPUP   ; 0            ;
; Clock Setup: 'TEMPDOWN'      ; N/A   ; None          ; 57.80 MHz ( period = 17.300 ns ) ; TEMPERATURE_STORAGE[4] ; TEMPERATURE_STORAGE[5] ; TEMPDOWN   ; TEMPDOWN ; 0            ;
; Clock Setup: 'FANDOWN'       ; N/A   ; None          ; 64.94 MHz ( period = 15.400 ns ) ; FANSPEED_STORAGE[1]    ; FANSPEED_STORAGE[1]    ; FANDOWN    ; FANDOWN  ; 0            ;
; Clock Setup: 'FANUP'         ; N/A   ; None          ; 64.94 MHz ( period = 15.400 ns ) ; FANSPEED_STORAGE[1]    ; FANSPEED_STORAGE[1]    ; FANUP      ; FANUP    ; 0            ;
; Clock Setup: 'RESET'         ; N/A   ; None          ; 64.94 MHz ( period = 15.400 ns ) ; FANSPEED_STORAGE[1]    ; FANSPEED_STORAGE[1]    ; RESET      ; RESET    ; 0            ;
; Total number of failed paths ;       ;               ;                                  ;                        ;                        ;            ;          ; 0            ;
+------------------------------+-------+---------------+----------------------------------+------------------------+------------------------+------------+----------+--------------+


+--------------------------------------------------------------------------------------------------------------------+
; Timing Analyzer Settings                                                                                           ;
+---------------------------------------------------------------------+--------------------+------+----+-------------+
; Option                                                              ; Setting            ; From ; To ; Entity Name ;
+---------------------------------------------------------------------+--------------------+------+----+-------------+
; Device Name                                                         ; EPF10K10LC84-3     ;      ;    ;             ;
; Timing Models                                                       ; Final              ;      ;    ;             ;
; Default hold multicycle                                             ; Same as Multicycle ;      ;    ;             ;
; Cut paths between unrelated clock domains                           ; On                 ;      ;    ;             ;
; Cut off read during write signal paths                              ; On                 ;      ;    ;             ;
; Cut off feedback from I/O pins                                      ; On                 ;      ;    ;             ;
; Report Combined Fast/Slow Timing                                    ; Off                ;      ;    ;             ;
; Ignore Clock Settings                                               ; Off                ;      ;    ;             ;
; Analyze latches as synchronous elements                             ; On                 ;      ;    ;             ;
; Enable Recovery/Removal analysis                                    ; Off                ;      ;    ;             ;
; Enable Clock Latency                                                ; Off                ;      ;    ;             ;
; Use TimeQuest Timing Analyzer                                       ; Off                ;      ;    ;             ;
; Number of source nodes to report per destination node               ; 10                 ;      ;    ;             ;
; Number of destination nodes to report                               ; 10                 ;      ;    ;             ;
; Number of paths to report                                           ; 200                ;      ;    ;             ;
; Report Minimum Timing Checks                                        ; Off                ;      ;    ;             ;
; Use Fast Timing Models                                              ; Off                ;      ;    ;             ;
; Report IO Paths Separately                                          ; Off                ;      ;    ;             ;
; Perform Multicorner Analysis                                        ; Off                ;      ;    ;             ;
; Reports the worst-case path for each clock domain and analysis      ; Off                ;      ;    ;             ;
; Removes common clock path pessimism (CCPP) during slack computation ; Off                ;      ;    ;             ;
; Output I/O Timing Endpoint                                          ; Near End           ;      ;    ;             ;
+---------------------------------------------------------------------+--------------------+------+----+-------------+


+------------------------------------------------------------------------------------------------------------------------------------------------------------------------------------+
; Clock Settings Summary                                                                                                                                                             ;
+-----------------+--------------------+----------+------------------+---------------+--------------+----------+-----------------------+---------------------+--------+--------------+
; Clock Node Name ; Clock Setting Name ; Type     ; Fmax Requirement ; Early Latency ; Late Latency ; Based on ; Multiply Base Fmax by ; Divide Base Fmax by ; Offset ; Phase offset ;
+-----------------+--------------------+----------+------------------+---------------+--------------+----------+-----------------------+---------------------+--------+--------------+
; TEMPUP          ;                    ; User Pin ; None             ; 0.000 ns      ; 0.000 ns     ; --       ; N/A                   ; N/A                 ; N/A    ;              ;
; TEMPDOWN        ;                    ; User Pin ; None             ; 0.000 ns      ; 0.000 ns     ; --       ; N/A                   ; N/A                 ; N/A    ;              ;
; RESET           ;                    ; User Pin ; None             ; 0.000 ns      ; 0.000 ns     ; --       ; N/A                   ; N/A                 ; N/A    ;              ;
; FANUP           ;                    ; User Pin ; None             ; 0.000 ns      ; 0.000 ns     ; --       ; N/A                   ; N/A                 ; N/A    ;              ;
; FANDOWN         ;                    ; User Pin ; None             ; 0.000 ns      ; 0.000 ns     ; --       ; N/A                   ; N/A                 ; N/A    ;              ;
+-----------------+--------------------+----------+------------------+---------------+--------------+----------+-----------------------+---------------------+--------+--------------+


Parallel compilation was disabled, but you have multiple processors available. Enable parallel compilation to reduce compilation time.
+-------------------------------------+
; Parallel Compilation                ;
+----------------------------+--------+
; Processors                 ; Number ;
+----------------------------+--------+
; Number detected on machine ; 2      ;
; Maximum allowed            ; 1      ;
+----------------------------+--------+


+--------------------------------------------------------------------------------------------------------------------------------------------------------------------------------------------------------+
; Clock Setup: 'TEMPUP'                                                                                                                                                                                  ;
+-------+----------------------------------+------------------------+------------------------+------------+----------+-----------------------------+---------------------------+-------------------------+
; Slack ; Actual fmax (period)             ; From                   ; To                     ; From Clock ; To Clock ; Required Setup Relationship ; Required Longest P2P Time ; Actual Longest P2P Time ;
+-------+----------------------------------+------------------------+------------------------+------------+----------+-----------------------------+---------------------------+-------------------------+
; N/A   ; 52.63 MHz ( period = 19.000 ns ) ; TEMPERATURE_STORAGE[3] ; TEMPERATURE_STORAGE[5] ; TEMPUP     ; TEMPUP   ; None                        ; None                      ; 12.100 ns               ;
; N/A   ; 52.63 MHz ( period = 19.000 ns ) ; TEMPERATURE_STORAGE[2] ; TEMPERATURE_STORAGE[5] ; TEMPUP     ; TEMPUP   ; None                        ; None                      ; 12.100 ns               ;
; N/A   ; 52.63 MHz ( period = 19.000 ns ) ; TEMPERATURE_STORAGE[4] ; TEMPERATURE_STORAGE[5] ; TEMPUP     ; TEMPUP   ; None                        ; None                      ; 12.100 ns               ;
; N/A   ; 53.19 MHz ( period = 18.800 ns ) ; TEMPERATURE_STORAGE[3] ; TEMPERATURE_STORAGE[4] ; TEMPUP     ; TEMPUP   ; None                        ; None                      ; 11.900 ns               ;
; N/A   ; 53.19 MHz ( period = 18.800 ns ) ; TEMPERATURE_STORAGE[2] ; TEMPERATURE_STORAGE[4] ; TEMPUP     ; TEMPUP   ; None                        ; None                      ; 11.900 ns               ;
; N/A   ; 53.19 MHz ( period = 18.800 ns ) ; TEMPERATURE_STORAGE[4] ; TEMPERATURE_STORAGE[4] ; TEMPUP     ; TEMPUP   ; None                        ; None                      ; 11.900 ns               ;
; N/A   ; 53.76 MHz ( period = 18.600 ns ) ; TEMPERATURE_STORAGE[3] ; TEMPERATURE_STORAGE[3] ; TEMPUP     ; TEMPUP   ; None                        ; None                      ; 11.700 ns               ;
; N/A   ; 53.76 MHz ( period = 18.600 ns ) ; TEMPERATURE_STORAGE[2] ; TEMPERATURE_STORAGE[3] ; TEMPUP     ; TEMPUP   ; None                        ; None                      ; 11.700 ns               ;
; N/A   ; 53.76 MHz ( period = 18.600 ns ) ; TEMPERATURE_STORAGE[4] ; TEMPERATURE_STORAGE[3] ; TEMPUP     ; TEMPUP   ; None                        ; None                      ; 11.700 ns               ;
; N/A   ; 54.35 MHz ( period = 18.400 ns ) ; TEMPERATURE_STORAGE[3] ; TEMPERATURE_STORAGE[2] ; TEMPUP     ; TEMPUP   ; None                        ; None                      ; 11.500 ns               ;
; N/A   ; 54.35 MHz ( period = 18.400 ns ) ; TEMPERATURE_STORAGE[2] ; TEMPERATURE_STORAGE[2] ; TEMPUP     ; TEMPUP   ; None                        ; None                      ; 11.500 ns               ;
; N/A   ; 54.35 MHz ( period = 18.400 ns ) ; TEMPERATURE_STORAGE[4] ; TEMPERATURE_STORAGE[2] ; TEMPUP     ; TEMPUP   ; None                        ; None                      ; 11.500 ns               ;
; N/A   ; 58.82 MHz ( period = 17.000 ns ) ; TEMPERATURE_STORAGE[5] ; TEMPERATURE_STORAGE[5] ; TEMPUP     ; TEMPUP   ; None                        ; None                      ; 10.100 ns               ;
; N/A   ; 59.52 MHz ( period = 16.800 ns ) ; TEMPERATURE_STORAGE[5] ; TEMPERATURE_STORAGE[4] ; TEMPUP     ; TEMPUP   ; None                        ; None                      ; 9.900 ns                ;
; N/A   ; 60.24 MHz ( period = 16.600 ns ) ; TEMPERATURE_STORAGE[5] ; TEMPERATURE_STORAGE[3] ; TEMPUP     ; TEMPUP   ; None                        ; None                      ; 9.700 ns                ;
; N/A   ; 60.98 MHz ( period = 16.400 ns ) ; TEMPERATURE_STORAGE[5] ; TEMPERATURE_STORAGE[2] ; TEMPUP     ; TEMPUP   ; None                        ; None                      ; 9.500 ns                ;
; N/A   ; 62.11 MHz ( period = 16.100 ns ) ; TEMPERATURE_STORAGE[0] ; TEMPERATURE_STORAGE[5] ; TEMPUP     ; TEMPUP   ; None                        ; None                      ; 7.900 ns                ;
; N/A   ; 62.89 MHz ( period = 15.900 ns ) ; TEMPERATURE_STORAGE[0] ; TEMPERATURE_STORAGE[4] ; TEMPUP     ; TEMPUP   ; None                        ; None                      ; 7.700 ns                ;
; N/A   ; 63.29 MHz ( period = 15.800 ns ) ; TEMPERATURE_STORAGE[3] ; TEMPERATURE_STORAGE[1] ; TEMPUP     ; TEMPUP   ; None                        ; None                      ; 10.200 ns               ;
; N/A   ; 63.29 MHz ( period = 15.800 ns ) ; TEMPERATURE_STORAGE[2] ; TEMPERATURE_STORAGE[1] ; TEMPUP     ; TEMPUP   ; None                        ; None                      ; 10.200 ns               ;
; N/A   ; 63.29 MHz ( period = 15.800 ns ) ; TEMPERATURE_STORAGE[4] ; TEMPERATURE_STORAGE[1] ; TEMPUP     ; TEMPUP   ; None                        ; None                      ; 10.200 ns               ;
; N/A   ; 63.69 MHz ( period = 15.700 ns ) ; TEMPERATURE_STORAGE[0] ; TEMPERATURE_STORAGE[3] ; TEMPUP     ; TEMPUP   ; None                        ; None                      ; 7.500 ns                ;
; N/A   ; 64.52 MHz ( period = 15.500 ns ) ; TEMPERATURE_STORAGE[0] ; TEMPERATURE_STORAGE[2] ; TEMPUP     ; TEMPUP   ; None                        ; None                      ; 7.300 ns                ;
; N/A   ; 64.94 MHz ( period = 15.400 ns ) ; FANSPEED_STORAGE[1]    ; FANSPEED_STORAGE[1]    ; TEMPUP     ; TEMPUP   ; None                        ; None                      ; 11.000 ns               ;
; N/A   ; 68.49 MHz ( period = 14.600 ns ) ; TEMPERATURE_STORAGE[1] ; TEMPERATURE_STORAGE[5] ; TEMPUP     ; TEMPUP   ; None                        ; None                      ; 6.400 ns                ;
; N/A   ; 69.44 MHz ( period = 14.400 ns ) ; TEMPERATURE_STORAGE[1] ; TEMPERATURE_STORAGE[4] ; TEMPUP     ; TEMPUP   ; None                        ; None                      ; 6.200 ns                ;
; N/A   ; 70.42 MHz ( period = 14.200 ns ) ; TEMPERATURE_STORAGE[1] ; TEMPERATURE_STORAGE[3] ; TEMPUP     ; TEMPUP   ; None                        ; None                      ; 6.000 ns                ;
; N/A   ; 71.43 MHz ( period = 14.000 ns ) ; TEMPERATURE_STORAGE[1] ; TEMPERATURE_STORAGE[2] ; TEMPUP     ; TEMPUP   ; None                        ; None                      ; 5.800 ns                ;
; N/A   ; 71.94 MHz ( period = 13.900 ns ) ; TEMPERATURE_STORAGE[0] ; TEMPERATURE_STORAGE[0] ; TEMPUP     ; TEMPUP   ; None                        ; None                      ; 7.000 ns                ;
; N/A   ; 72.46 MHz ( period = 13.800 ns ) ; TEMPERATURE_STORAGE[5] ; TEMPERATURE_STORAGE[1] ; TEMPUP     ; TEMPUP   ; None                        ; None                      ; 8.200 ns                ;
; N/A   ; 78.13 MHz ( period = 12.800 ns ) ; TEMPERATURE_STORAGE[0] ; TEMPERATURE_STORAGE[1] ; TEMPUP     ; TEMPUP   ; None                        ; None                      ; 5.900 ns                ;
; N/A   ; 87.72 MHz ( period = 11.400 ns ) ; TEMPERATURE_STORAGE[1] ; TEMPERATURE_STORAGE[1] ; TEMPUP     ; TEMPUP   ; None                        ; None                      ; 4.500 ns                ;
+-------+----------------------------------+------------------------+------------------------+------------+----------+-----------------------------+---------------------------+-------------------------+


+--------------------------------------------------------------------------------------------------------------------------------------------------------------------------------------------------------+
; Clock Setup: 'TEMPDOWN'                                                                                                                                                                                ;
+-------+----------------------------------+------------------------+------------------------+------------+----------+-----------------------------+---------------------------+-------------------------+
; Slack ; Actual fmax (period)             ; From                   ; To                     ; From Clock ; To Clock ; Required Setup Relationship ; Required Longest P2P Time ; Actual Longest P2P Time ;
+-------+----------------------------------+------------------------+------------------------+------------+----------+-----------------------------+---------------------------+-------------------------+
; N/A   ; 57.80 MHz ( period = 17.300 ns ) ; TEMPERATURE_STORAGE[3] ; TEMPERATURE_STORAGE[5] ; TEMPDOWN   ; TEMPDOWN ; None                        ; None                      ; 12.100 ns               ;
; N/A   ; 57.80 MHz ( period = 17.300 ns ) ; TEMPERATURE_STORAGE[2] ; TEMPERATURE_STORAGE[5] ; TEMPDOWN   ; TEMPDOWN ; None                        ; None                      ; 12.100 ns               ;
; N/A   ; 57.80 MHz ( period = 17.300 ns ) ; TEMPERATURE_STORAGE[4] ; TEMPERATURE_STORAGE[5] ; TEMPDOWN   ; TEMPDOWN ; None                        ; None                      ; 12.100 ns               ;
; N/A   ; 58.48 MHz ( period = 17.100 ns ) ; TEMPERATURE_STORAGE[3] ; TEMPERATURE_STORAGE[4] ; TEMPDOWN   ; TEMPDOWN ; None                        ; None                      ; 11.900 ns               ;
; N/A   ; 58.48 MHz ( period = 17.100 ns ) ; TEMPERATURE_STORAGE[2] ; TEMPERATURE_STORAGE[4] ; TEMPDOWN   ; TEMPDOWN ; None                        ; None                      ; 11.900 ns               ;
; N/A   ; 58.48 MHz ( period = 17.100 ns ) ; TEMPERATURE_STORAGE[4] ; TEMPERATURE_STORAGE[4] ; TEMPDOWN   ; TEMPDOWN ; None                        ; None                      ; 11.900 ns               ;
; N/A   ; 59.17 MHz ( period = 16.900 ns ) ; TEMPERATURE_STORAGE[3] ; TEMPERATURE_STORAGE[3] ; TEMPDOWN   ; TEMPDOWN ; None                        ; None                      ; 11.700 ns               ;
; N/A   ; 59.17 MHz ( period = 16.900 ns ) ; TEMPERATURE_STORAGE[2] ; TEMPERATURE_STORAGE[3] ; TEMPDOWN   ; TEMPDOWN ; None                        ; None                      ; 11.700 ns               ;
; N/A   ; 59.17 MHz ( period = 16.900 ns ) ; TEMPERATURE_STORAGE[4] ; TEMPERATURE_STORAGE[3] ; TEMPDOWN   ; TEMPDOWN ; None                        ; None                      ; 11.700 ns               ;
; N/A   ; 59.88 MHz ( period = 16.700 ns ) ; TEMPERATURE_STORAGE[3] ; TEMPERATURE_STORAGE[2] ; TEMPDOWN   ; TEMPDOWN ; None                        ; None                      ; 11.500 ns               ;
; N/A   ; 59.88 MHz ( period = 16.700 ns ) ; TEMPERATURE_STORAGE[2] ; TEMPERATURE_STORAGE[2] ; TEMPDOWN   ; TEMPDOWN ; None                        ; None                      ; 11.500 ns               ;
; N/A   ; 59.88 MHz ( period = 16.700 ns ) ; TEMPERATURE_STORAGE[4] ; TEMPERATURE_STORAGE[2] ; TEMPDOWN   ; TEMPDOWN ; None                        ; None                      ; 11.500 ns               ;
; N/A   ; 64.94 MHz ( period = 15.400 ns ) ; FANSPEED_STORAGE[1]    ; FANSPEED_STORAGE[1]    ; TEMPDOWN   ; TEMPDOWN ; None                        ; None                      ; 11.000 ns               ;
; N/A   ; 65.36 MHz ( period = 15.300 ns ) ; TEMPERATURE_STORAGE[5] ; TEMPERATURE_STORAGE[5] ; TEMPDOWN   ; TEMPDOWN ; None                        ; None                      ; 10.100 ns               ;
; N/A   ; 66.23 MHz ( period = 15.100 ns ) ; TEMPERATURE_STORAGE[5] ; TEMPERATURE_STORAGE[4] ; TEMPDOWN   ; TEMPDOWN ; None                        ; None                      ; 9.900 ns                ;
; N/A   ; 67.11 MHz ( period = 14.900 ns ) ; TEMPERATURE_STORAGE[5] ; TEMPERATURE_STORAGE[3] ; TEMPDOWN   ; TEMPDOWN ; None                        ; None                      ; 9.700 ns                ;
; N/A   ; 68.03 MHz ( period = 14.700 ns ) ; TEMPERATURE_STORAGE[5] ; TEMPERATURE_STORAGE[2] ; TEMPDOWN   ; TEMPDOWN ; None                        ; None                      ; 9.500 ns                ;
; N/A   ; 69.44 MHz ( period = 14.400 ns ) ; TEMPERATURE_STORAGE[0] ; TEMPERATURE_STORAGE[5] ; TEMPDOWN   ; TEMPDOWN ; None                        ; None                      ; 7.900 ns                ;
; N/A   ; 70.42 MHz ( period = 14.200 ns ) ; TEMPERATURE_STORAGE[0] ; TEMPERATURE_STORAGE[4] ; TEMPDOWN   ; TEMPDOWN ; None                        ; None                      ; 7.700 ns                ;
; N/A   ; 70.92 MHz ( period = 14.100 ns ) ; TEMPERATURE_STORAGE[3] ; TEMPERATURE_STORAGE[1] ; TEMPDOWN   ; TEMPDOWN ; None                        ; None                      ; 10.200 ns               ;
; N/A   ; 70.92 MHz ( period = 14.100 ns ) ; TEMPERATURE_STORAGE[2] ; TEMPERATURE_STORAGE[1] ; TEMPDOWN   ; TEMPDOWN ; None                        ; None                      ; 10.200 ns               ;
; N/A   ; 70.92 MHz ( period = 14.100 ns ) ; TEMPERATURE_STORAGE[4] ; TEMPERATURE_STORAGE[1] ; TEMPDOWN   ; TEMPDOWN ; None                        ; None                      ; 10.200 ns               ;
; N/A   ; 71.43 MHz ( period = 14.000 ns ) ; TEMPERATURE_STORAGE[0] ; TEMPERATURE_STORAGE[3] ; TEMPDOWN   ; TEMPDOWN ; None                        ; None                      ; 7.500 ns                ;
; N/A   ; 72.46 MHz ( period = 13.800 ns ) ; TEMPERATURE_STORAGE[0] ; TEMPERATURE_STORAGE[2] ; TEMPDOWN   ; TEMPDOWN ; None                        ; None                      ; 7.300 ns                ;
; N/A   ; 77.52 MHz ( period = 12.900 ns ) ; TEMPERATURE_STORAGE[1] ; TEMPERATURE_STORAGE[5] ; TEMPDOWN   ; TEMPDOWN ; None                        ; None                      ; 6.400 ns                ;
; N/A   ; 78.74 MHz ( period = 12.700 ns ) ; TEMPERATURE_STORAGE[1] ; TEMPERATURE_STORAGE[4] ; TEMPDOWN   ; TEMPDOWN ; None                        ; None                      ; 6.200 ns                ;
; N/A   ; 80.00 MHz ( period = 12.500 ns ) ; TEMPERATURE_STORAGE[1] ; TEMPERATURE_STORAGE[3] ; TEMPDOWN   ; TEMPDOWN ; None                        ; None                      ; 6.000 ns                ;
; N/A   ; 81.30 MHz ( period = 12.300 ns ) ; TEMPERATURE_STORAGE[1] ; TEMPERATURE_STORAGE[2] ; TEMPDOWN   ; TEMPDOWN ; None                        ; None                      ; 5.800 ns                ;
; N/A   ; 81.97 MHz ( period = 12.200 ns ) ; TEMPERATURE_STORAGE[0] ; TEMPERATURE_STORAGE[0] ; TEMPDOWN   ; TEMPDOWN ; None                        ; None                      ; 7.000 ns                ;
; N/A   ; 82.64 MHz ( period = 12.100 ns ) ; TEMPERATURE_STORAGE[5] ; TEMPERATURE_STORAGE[1] ; TEMPDOWN   ; TEMPDOWN ; None                        ; None                      ; 8.200 ns                ;
; N/A   ; 90.09 MHz ( period = 11.100 ns ) ; TEMPERATURE_STORAGE[0] ; TEMPERATURE_STORAGE[1] ; TEMPDOWN   ; TEMPDOWN ; None                        ; None                      ; 5.900 ns                ;
; N/A   ; 103.09 MHz ( period = 9.700 ns ) ; TEMPERATURE_STORAGE[1] ; TEMPERATURE_STORAGE[1] ; TEMPDOWN   ; TEMPDOWN ; None                        ; None                      ; 4.500 ns                ;
+-------+----------------------------------+------------------------+------------------------+------------+----------+-----------------------------+---------------------------+-------------------------+


+--------------------------------------------------------------------------------------------------------------------------------------------------------------------------------------------------+
; Clock Setup: 'RESET'                                                                                                                                                                             ;
+-------+----------------------------------+---------------------+---------------------+------------+----------+-----------------------------+---------------------------+-------------------------+
; Slack ; Actual fmax (period)             ; From                ; To                  ; From Clock ; To Clock ; Required Setup Relationship ; Required Longest P2P Time ; Actual Longest P2P Time ;
+-------+----------------------------------+---------------------+---------------------+------------+----------+-----------------------------+---------------------------+-------------------------+
; N/A   ; 64.94 MHz ( period = 15.400 ns ) ; FANSPEED_STORAGE[1] ; FANSPEED_STORAGE[1] ; RESET      ; RESET    ; None                        ; None                      ; 11.000 ns               ;
+-------+----------------------------------+---------------------+---------------------+------------+----------+-----------------------------+---------------------------+-------------------------+


+--------------------------------------------------------------------------------------------------------------------------------------------------------------------------------------------------+
; Clock Setup: 'FANUP'                                                                                                                                                                             ;
+-------+----------------------------------+---------------------+---------------------+------------+----------+-----------------------------+---------------------------+-------------------------+
; Slack ; Actual fmax (period)             ; From                ; To                  ; From Clock ; To Clock ; Required Setup Relationship ; Required Longest P2P Time ; Actual Longest P2P Time ;
+-------+----------------------------------+---------------------+---------------------+------------+----------+-----------------------------+---------------------------+-------------------------+
; N/A   ; 64.94 MHz ( period = 15.400 ns ) ; FANSPEED_STORAGE[1] ; FANSPEED_STORAGE[1] ; FANUP      ; FANUP    ; None                        ; None                      ; 11.000 ns               ;
+-------+----------------------------------+---------------------+---------------------+------------+----------+-----------------------------+---------------------------+-------------------------+


+--------------------------------------------------------------------------------------------------------------------------------------------------------------------------------------------------+
; Clock Setup: 'FANDOWN'                                                                                                                                                                           ;
+-------+----------------------------------+---------------------+---------------------+------------+----------+-----------------------------+---------------------------+-------------------------+
; Slack ; Actual fmax (period)             ; From                ; To                  ; From Clock ; To Clock ; Required Setup Relationship ; Required Longest P2P Time ; Actual Longest P2P Time ;
+-------+----------------------------------+---------------------+---------------------+------------+----------+-----------------------------+---------------------------+-------------------------+
; N/A   ; 64.94 MHz ( period = 15.400 ns ) ; FANSPEED_STORAGE[1] ; FANSPEED_STORAGE[1] ; FANDOWN    ; FANDOWN  ; None                        ; None                      ; 11.000 ns               ;
+-------+----------------------------------+---------------------+---------------------+------------+----------+-----------------------------+---------------------------+-------------------------+


+----------------------------------------------------------------------------------+
; tsu                                                                              ;
+-------+--------------+------------+----------+------------------------+----------+
; Slack ; Required tsu ; Actual tsu ; From     ; To                     ; To Clock ;
+-------+--------------+------------+----------+------------------------+----------+
; N/A   ; None         ; 11.500 ns  ; TEMPUP   ; TEMPERATURE_STORAGE[5] ; TEMPUP   ;
; N/A   ; None         ; 11.300 ns  ; TEMPUP   ; TEMPERATURE_STORAGE[4] ; TEMPUP   ;
; N/A   ; None         ; 11.200 ns  ; TEMPUP   ; TEMPERATURE_STORAGE[5] ; TEMPDOWN ;
; N/A   ; None         ; 11.100 ns  ; TEMPUP   ; TEMPERATURE_STORAGE[3] ; TEMPUP   ;
; N/A   ; None         ; 11.000 ns  ; TEMPUP   ; TEMPERATURE_STORAGE[4] ; TEMPDOWN ;
; N/A   ; None         ; 10.900 ns  ; FANDOWN  ; FANSPEED_STORAGE[1]    ; TEMPUP   ;
; N/A   ; None         ; 10.900 ns  ; FANDOWN  ; FANSPEED_STORAGE[1]    ; TEMPDOWN ;
; N/A   ; None         ; 10.900 ns  ; FANUP    ; FANSPEED_STORAGE[1]    ; TEMPUP   ;
; N/A   ; None         ; 10.900 ns  ; FANUP    ; FANSPEED_STORAGE[1]    ; TEMPDOWN ;
; N/A   ; None         ; 10.900 ns  ; TEMPUP   ; TEMPERATURE_STORAGE[2] ; TEMPUP   ;
; N/A   ; None         ; 10.800 ns  ; TEMPUP   ; TEMPERATURE_STORAGE[3] ; TEMPDOWN ;
; N/A   ; None         ; 10.600 ns  ; TEMPUP   ; TEMPERATURE_STORAGE[2] ; TEMPDOWN ;
; N/A   ; None         ; 8.900 ns   ; FANDOWN  ; FANSPEED_STORAGE[1]    ; FANUP    ;
; N/A   ; None         ; 8.900 ns   ; FANDOWN  ; FANSPEED_STORAGE[1]    ; FANDOWN  ;
; N/A   ; None         ; 8.900 ns   ; FANUP    ; FANSPEED_STORAGE[1]    ; FANUP    ;
; N/A   ; None         ; 8.900 ns   ; FANUP    ; FANSPEED_STORAGE[1]    ; FANDOWN  ;
; N/A   ; None         ; 8.900 ns   ; TEMPDOWN ; FANSPEED_STORAGE[1]    ; TEMPUP   ;
; N/A   ; None         ; 8.900 ns   ; TEMPDOWN ; FANSPEED_STORAGE[1]    ; TEMPDOWN ;
; N/A   ; None         ; 8.900 ns   ; TEMPUP   ; FANSPEED_STORAGE[1]    ; TEMPUP   ;
; N/A   ; None         ; 8.900 ns   ; TEMPUP   ; FANSPEED_STORAGE[1]    ; TEMPDOWN ;
; N/A   ; None         ; 8.300 ns   ; TEMPUP   ; TEMPERATURE_STORAGE[1] ; TEMPUP   ;
; N/A   ; None         ; 8.000 ns   ; TEMPUP   ; TEMPERATURE_STORAGE[1] ; TEMPDOWN ;
; N/A   ; None         ; 6.900 ns   ; TEMPDOWN ; FANSPEED_STORAGE[1]    ; FANUP    ;
; N/A   ; None         ; 6.900 ns   ; TEMPDOWN ; FANSPEED_STORAGE[1]    ; FANDOWN  ;
; N/A   ; None         ; 6.900 ns   ; TEMPUP   ; FANSPEED_STORAGE[1]    ; FANUP    ;
; N/A   ; None         ; 6.900 ns   ; TEMPUP   ; FANSPEED_STORAGE[1]    ; FANDOWN  ;
; N/A   ; None         ; 6.400 ns   ; FANDOWN  ; FANSPEED_STORAGE[1]    ; RESET    ;
; N/A   ; None         ; 6.400 ns   ; FANUP    ; FANSPEED_STORAGE[1]    ; RESET    ;
; N/A   ; None         ; 6.400 ns   ; RESET    ; FANSPEED_STORAGE[1]    ; TEMPUP   ;
; N/A   ; None         ; 6.400 ns   ; RESET    ; FANSPEED_STORAGE[1]    ; TEMPDOWN ;
; N/A   ; None         ; 4.400 ns   ; RESET    ; FANSPEED_STORAGE[1]    ; FANUP    ;
; N/A   ; None         ; 4.400 ns   ; RESET    ; FANSPEED_STORAGE[1]    ; FANDOWN  ;
; N/A   ; None         ; 4.400 ns   ; TEMPDOWN ; FANSPEED_STORAGE[1]    ; RESET    ;
; N/A   ; None         ; 4.400 ns   ; TEMPUP   ; FANSPEED_STORAGE[1]    ; RESET    ;
; N/A   ; None         ; 1.900 ns   ; RESET    ; FANSPEED_STORAGE[1]    ; RESET    ;
+-------+--------------+------------+----------+------------------------+----------+


+------------------------------------------------------------------------------------------+
; tco                                                                                      ;
+-------+--------------+------------+------------------------+----------------+------------+
; Slack ; Required tco ; Actual tco ; From                   ; To             ; From Clock ;
+-------+--------------+------------+------------------------+----------------+------------+
; N/A   ; None         ; 24.000 ns  ; FANSPEED_STORAGE[1]    ; FANSPEED[0]    ; RESET      ;
; N/A   ; None         ; 21.500 ns  ; FANSPEED_STORAGE[1]    ; FANSPEED[0]    ; FANUP      ;
; N/A   ; None         ; 21.500 ns  ; FANSPEED_STORAGE[1]    ; FANSPEED[0]    ; FANDOWN    ;
; N/A   ; None         ; 19.500 ns  ; FANSPEED_STORAGE[1]    ; FANSPEED[0]    ; TEMPUP     ;
; N/A   ; None         ; 19.500 ns  ; FANSPEED_STORAGE[1]    ; FANSPEED[0]    ; TEMPDOWN   ;
; N/A   ; None         ; 17.700 ns  ; TEMPERATURE_STORAGE[1] ; TEMPERATURE[1] ; TEMPUP     ;
; N/A   ; None         ; 17.500 ns  ; FANSPEED_STORAGE[1]    ; FANSPEED[1]    ; RESET      ;
; N/A   ; None         ; 16.700 ns  ; TEMPERATURE_STORAGE[0] ; TEMPERATURE[0] ; TEMPUP     ;
; N/A   ; None         ; 16.400 ns  ; TEMPERATURE_STORAGE[2] ; TEMPERATURE[2] ; TEMPUP     ;
; N/A   ; None         ; 16.300 ns  ; TEMPERATURE_STORAGE[1] ; TEMPERATURE[1] ; TEMPDOWN   ;
; N/A   ; None         ; 15.400 ns  ; TEMPERATURE_STORAGE[4] ; TEMPERATURE[4] ; TEMPUP     ;
; N/A   ; None         ; 15.400 ns  ; TEMPERATURE_STORAGE[3] ; TEMPERATURE[3] ; TEMPUP     ;
; N/A   ; None         ; 15.300 ns  ; TEMPERATURE_STORAGE[0] ; TEMPERATURE[0] ; TEMPDOWN   ;
; N/A   ; None         ; 15.000 ns  ; FANSPEED_STORAGE[1]    ; FANSPEED[1]    ; FANUP      ;
; N/A   ; None         ; 15.000 ns  ; FANSPEED_STORAGE[1]    ; FANSPEED[1]    ; FANDOWN    ;
; N/A   ; None         ; 15.000 ns  ; TEMPERATURE_STORAGE[2] ; TEMPERATURE[2] ; TEMPDOWN   ;
; N/A   ; None         ; 14.800 ns  ; TEMPERATURE_STORAGE[5] ; TEMPERATURE[5] ; TEMPUP     ;
; N/A   ; None         ; 14.000 ns  ; TEMPERATURE_STORAGE[4] ; TEMPERATURE[4] ; TEMPDOWN   ;
; N/A   ; None         ; 14.000 ns  ; TEMPERATURE_STORAGE[3] ; TEMPERATURE[3] ; TEMPDOWN   ;
; N/A   ; None         ; 13.400 ns  ; TEMPERATURE_STORAGE[5] ; TEMPERATURE[5] ; TEMPDOWN   ;
; N/A   ; None         ; 13.000 ns  ; FANSPEED_STORAGE[1]    ; FANSPEED[1]    ; TEMPUP     ;
; N/A   ; None         ; 13.000 ns  ; FANSPEED_STORAGE[1]    ; FANSPEED[1]    ; TEMPDOWN   ;
+-------+--------------+------------+------------------------+----------------+------------+


+----------------------------------------------------------------------+
; tpd                                                                  ;
+-------+-------------------+-----------------+----------+-------------+
; Slack ; Required P2P Time ; Actual P2P Time ; From     ; To          ;
+-------+-------------------+-----------------+----------+-------------+
; N/A   ; None              ; 15.000 ns       ; FANUP    ; FANSPEED[0] ;
; N/A   ; None              ; 15.000 ns       ; FANDOWN  ; FANSPEED[0] ;
; N/A   ; None              ; 13.000 ns       ; TEMPUP   ; FANSPEED[0] ;
; N/A   ; None              ; 13.000 ns       ; TEMPDOWN ; FANSPEED[0] ;
; N/A   ; None              ; 10.500 ns       ; RESET    ; FANSPEED[0] ;
+-------+-------------------+-----------------+----------+-------------+


+----------------------------------------------------------------------------------------+
; th                                                                                     ;
+---------------+-------------+-----------+----------+------------------------+----------+
; Minimum Slack ; Required th ; Actual th ; From     ; To                     ; To Clock ;
+---------------+-------------+-----------+----------+------------------------+----------+
; N/A           ; None        ; 5.000 ns  ; FANUP    ; FANSPEED_STORAGE[1]    ; RESET    ;
; N/A           ; None        ; 2.500 ns  ; FANUP    ; FANSPEED_STORAGE[1]    ; FANUP    ;
; N/A           ; None        ; 2.500 ns  ; FANUP    ; FANSPEED_STORAGE[1]    ; FANDOWN  ;
; N/A           ; None        ; 2.500 ns  ; RESET    ; FANSPEED_STORAGE[1]    ; RESET    ;
; N/A           ; None        ; 1.300 ns  ; TEMPUP   ; TEMPERATURE_STORAGE[1] ; TEMPUP   ;
; N/A           ; None        ; 1.300 ns  ; TEMPUP   ; TEMPERATURE_STORAGE[5] ; TEMPUP   ;
; N/A           ; None        ; 0.500 ns  ; FANUP    ; FANSPEED_STORAGE[1]    ; TEMPUP   ;
; N/A           ; None        ; 0.500 ns  ; FANUP    ; FANSPEED_STORAGE[1]    ; TEMPDOWN ;
; N/A           ; None        ; 0.000 ns  ; RESET    ; FANSPEED_STORAGE[1]    ; FANUP    ;
; N/A           ; None        ; 0.000 ns  ; RESET    ; FANSPEED_STORAGE[1]    ; FANDOWN  ;
; N/A           ; None        ; 0.000 ns  ; TEMPDOWN ; FANSPEED_STORAGE[1]    ; RESET    ;
; N/A           ; None        ; 0.000 ns  ; TEMPUP   ; FANSPEED_STORAGE[1]    ; RESET    ;
; N/A           ; None        ; -0.100 ns ; TEMPUP   ; TEMPERATURE_STORAGE[1] ; TEMPDOWN ;
; N/A           ; None        ; -0.100 ns ; TEMPUP   ; TEMPERATURE_STORAGE[5] ; TEMPDOWN ;
; N/A           ; None        ; -1.200 ns ; TEMPUP   ; TEMPERATURE_STORAGE[3] ; TEMPUP   ;
; N/A           ; None        ; -1.200 ns ; TEMPUP   ; TEMPERATURE_STORAGE[2] ; TEMPUP   ;
; N/A           ; None        ; -1.200 ns ; TEMPUP   ; TEMPERATURE_STORAGE[4] ; TEMPUP   ;
; N/A           ; None        ; -2.000 ns ; FANDOWN  ; FANSPEED_STORAGE[1]    ; RESET    ;
; N/A           ; None        ; -2.000 ns ; RESET    ; FANSPEED_STORAGE[1]    ; TEMPUP   ;
; N/A           ; None        ; -2.000 ns ; RESET    ; FANSPEED_STORAGE[1]    ; TEMPDOWN ;
; N/A           ; None        ; -2.500 ns ; TEMPDOWN ; FANSPEED_STORAGE[1]    ; FANUP    ;
; N/A           ; None        ; -2.500 ns ; TEMPDOWN ; FANSPEED_STORAGE[1]    ; FANDOWN  ;
; N/A           ; None        ; -2.500 ns ; TEMPUP   ; FANSPEED_STORAGE[1]    ; FANUP    ;
; N/A           ; None        ; -2.500 ns ; TEMPUP   ; FANSPEED_STORAGE[1]    ; FANDOWN  ;
; N/A           ; None        ; -2.600 ns ; TEMPUP   ; TEMPERATURE_STORAGE[3] ; TEMPDOWN ;
; N/A           ; None        ; -2.600 ns ; TEMPUP   ; TEMPERATURE_STORAGE[2] ; TEMPDOWN ;
; N/A           ; None        ; -2.600 ns ; TEMPUP   ; TEMPERATURE_STORAGE[4] ; TEMPDOWN ;
; N/A           ; None        ; -4.500 ns ; FANDOWN  ; FANSPEED_STORAGE[1]    ; FANUP    ;
; N/A           ; None        ; -4.500 ns ; FANDOWN  ; FANSPEED_STORAGE[1]    ; FANDOWN  ;
; N/A           ; None        ; -4.500 ns ; TEMPDOWN ; FANSPEED_STORAGE[1]    ; TEMPUP   ;
; N/A           ; None        ; -4.500 ns ; TEMPDOWN ; FANSPEED_STORAGE[1]    ; TEMPDOWN ;
; N/A           ; None        ; -4.500 ns ; TEMPUP   ; FANSPEED_STORAGE[1]    ; TEMPUP   ;
; N/A           ; None        ; -4.500 ns ; TEMPUP   ; FANSPEED_STORAGE[1]    ; TEMPDOWN ;
; N/A           ; None        ; -6.500 ns ; FANDOWN  ; FANSPEED_STORAGE[1]    ; TEMPUP   ;
; N/A           ; None        ; -6.500 ns ; FANDOWN  ; FANSPEED_STORAGE[1]    ; TEMPDOWN ;
+---------------+-------------+-----------+----------+------------------------+----------+


+--------------------------+
; Timing Analyzer Messages ;
+--------------------------+
Info: *******************************************************************
Info: Running Quartus II Classic Timing Analyzer
    Info: Version 9.0 Build 184 04/29/2009 Service Pack 1 SJ Web Edition
    Info: Processing started: Thu Mar 31 16:24:52 2016
Info: Command: quartus_tan --read_settings_files=off --write_settings_files=off AC_REMOTE -c AC_REMOTE
Info: Started post-fitting delay annotation
Info: Delay annotation completed successfully
Warning: Timing Analysis is analyzing one or more combinational loops as latches
    Warning: Node "TEMPERATURE_STORAGE[0]" is a latch
    Warning: Node "TEMPERATURE_STORAGE[1]" is a latch
    Warning: Node "TEMPERATURE_STORAGE[5]" is a latch
    Warning: Node "TEMPERATURE_STORAGE[3]" is a latch
    Warning: Node "TEMPERATURE_STORAGE[2]" is a latch
    Warning: Node "TEMPERATURE_STORAGE[4]" is a latch
    Warning: Node "FANSPEED_STORAGE[1]" is a latch
Warning: Found combinational loop of 3 nodes
    Warning: Node "FANSPEED_STORAGE[0]~8"
    Warning: Node "FANSPEED_STORAGE[1]~6"
    Warning: Node "FANSPEED_STORAGE[1]~7"
Warning: Found pins functioning as undefined clocks and/or memory enables
    Info: Assuming node "TEMPUP" is a latch enable and/or memory write/read enable. Will not compute fmax for this pin.
    Info: Assuming node "TEMPDOWN" is a latch enable and/or memory write/read enable. Will not compute fmax for this pin.
    Info: Assuming node "RESET" is a latch enable and/or memory write/read enable. Will not compute fmax for this pin.
    Info: Assuming node "FANUP" is a latch enable and/or memory write/read enable. Will not compute fmax for this pin.
    Info: Assuming node "FANDOWN" is a latch enable and/or memory write/read enable. Will not compute fmax for this pin.
Warning: Found 12 node(s) in clock paths which may be acting as ripple and/or gated clocks -- node(s) analyzed as buffer(s) resulting in clock skew
    Info: Detected ripple clock "FANSPEED_STORAGE[1]" as buffer
    Info: Detected ripple clock "TEMPERATURE_STORAGE[4]" as buffer
    Info: Detected ripple clock "TEMPERATURE_STORAGE[2]" as buffer
    Info: Detected ripple clock "TEMPERATURE_STORAGE[3]" as buffer
    Info: Detected ripple clock "TEMPERATURE_STORAGE[5]" as buffer
    Info: Detected ripple clock "TEMPERATURE_STORAGE[1]" as buffer
    Info: Detected ripple clock "TEMPERATURE_STORAGE[0]" as buffer
    Info: Detected gated clock "TEMPERATURE_STORAGE[5]~11" as buffer
    Info: Detected gated clock "FANSPEED_STORAGE[1]~7" as buffer
    Info: Detected gated clock "TEMPERATURE_STORAGE[5]~45" as buffer
    Info: Detected gated clock "CHANGE~10" as buffer
    Info: Detected gated clock "TEMPERATURE_STORAGE[5]~35" as buffer
Info: Clock "TEMPUP" has Internal fmax of 52.63 MHz between source register "TEMPERATURE_STORAGE[3]" and destination register "TEMPERATURE_STORAGE[5]" (period= 19.0 ns)
    Info: + Longest register to register delay is 12.100 ns
        Info: 1: + IC(0.000 ns) + CELL(0.000 ns) = 0.000 ns; Loc. = LC4_A13; Fanout = 5; REG Node = 'TEMPERATURE_STORAGE[3]'
        Info: 2: + IC(0.600 ns) + CELL(1.900 ns) = 2.500 ns; Loc. = LC8_A13; Fanout = 3; COMB Node = 'CHANGE~10'
        Info: 3: + IC(1.800 ns) + CELL(1.400 ns) = 5.700 ns; Loc. = LC8_A14; Fanout = 8; COMB Node = 'CHANGE~11'
        Info: 4: + IC(0.600 ns) + CELL(0.900 ns) = 7.200 ns; Loc. = LC2_A14; Fanout = 2; COMB Node = 'lpm_add_sub:Add0|addcore:adder|a_csnbuffer:result_node|cs_buffer[1]~COUT'
        Info: 5: + IC(0.000 ns) + CELL(0.200 ns) = 7.400 ns; Loc. = LC3_A14; Fanout = 2; COMB Node = 'lpm_add_sub:Add0|addcore:adder|a_csnbuffer:result_node|cs_buffer[2]~COUT'
        Info: 6: + IC(0.000 ns) + CELL(0.200 ns) = 7.600 ns; Loc. = LC4_A14; Fanout = 2; COMB Node = 'lpm_add_sub:Add0|addcore:adder|a_csnbuffer:result_node|cs_buffer[3]~COUT'
        Info: 7: + IC(0.000 ns) + CELL(0.200 ns) = 7.800 ns; Loc. = LC5_A14; Fanout = 1; COMB Node = 'lpm_add_sub:Add0|addcore:adder|a_csnbuffer:result_node|cs_buffer[4]~COUT'
        Info: 8: + IC(0.000 ns) + CELL(1.100 ns) = 8.900 ns; Loc. = LC6_A14; Fanout = 1; COMB Node = 'lpm_add_sub:Add0|addcore:adder|unreg_res_node[5]'
        Info: 9: + IC(1.800 ns) + CELL(1.400 ns) = 12.100 ns; Loc. = LC2_A13; Fanout = 4; REG Node = 'TEMPERATURE_STORAGE[5]'
        Info: Total cell delay = 7.300 ns ( 60.33 % )
        Info: Total interconnect delay = 4.800 ns ( 39.67 % )
    Info: - Smallest clock skew is -2.500 ns
        Info: + Shortest clock path from clock "TEMPUP" to destination register is 7.700 ns
            Info: 1: + IC(0.000 ns) + CELL(1.900 ns) = 1.900 ns; Loc. = PIN_2; Fanout = 8; CLK Node = 'TEMPUP'
            Info: 2: + IC(1.900 ns) + CELL(1.400 ns) = 5.200 ns; Loc. = LC7_A13; Fanout = 6; COMB Node = 'TEMPERATURE_STORAGE[5]~35'
            Info: 3: + IC(0.600 ns) + CELL(1.900 ns) = 7.700 ns; Loc. = LC2_A13; Fanout = 4; REG Node = 'TEMPERATURE_STORAGE[5]'
            Info: Total cell delay = 5.200 ns ( 67.53 % )
            Info: Total interconnect delay = 2.500 ns ( 32.47 % )
        Info: - Longest clock path from clock "TEMPUP" to source register is 10.200 ns
            Info: 1: + IC(0.000 ns) + CELL(1.900 ns) = 1.900 ns; Loc. = PIN_2; Fanout = 8; CLK Node = 'TEMPUP'
            Info: 2: + IC(1.900 ns) + CELL(1.400 ns) = 5.200 ns; Loc. = LC8_A13; Fanout = 3; COMB Node = 'CHANGE~10'
            Info: 3: + IC(0.600 ns) + CELL(1.900 ns) = 7.700 ns; Loc. = LC7_A13; Fanout = 6; COMB Node = 'TEMPERATURE_STORAGE[5]~35'
            Info: 4: + IC(0.600 ns) + CELL(1.900 ns) = 10.200 ns; Loc. = LC4_A13; Fanout = 5; REG Node = 'TEMPERATURE_STORAGE[3]'
            Info: Total cell delay = 7.100 ns ( 69.61 % )
            Info: Total interconnect delay = 3.100 ns ( 30.39 % )
    Info: + Micro clock to output delay of source is 0.000 ns
    Info: + Micro setup delay of destination is 4.400 ns
Info: Clock "TEMPDOWN" has Internal fmax of 57.8 MHz between source register "TEMPERATURE_STORAGE[3]" and destination register "TEMPERATURE_STORAGE[5]" (period= 17.3 ns)
    Info: + Longest register to register delay is 12.100 ns
        Info: 1: + IC(0.000 ns) + CELL(0.000 ns) = 0.000 ns; Loc. = LC4_A13; Fanout = 5; REG Node = 'TEMPERATURE_STORAGE[3]'
        Info: 2: + IC(0.600 ns) + CELL(1.900 ns) = 2.500 ns; Loc. = LC8_A13; Fanout = 3; COMB Node = 'CHANGE~10'
        Info: 3: + IC(1.800 ns) + CELL(1.400 ns) = 5.700 ns; Loc. = LC8_A14; Fanout = 8; COMB Node = 'CHANGE~11'
        Info: 4: + IC(0.600 ns) + CELL(0.900 ns) = 7.200 ns; Loc. = LC2_A14; Fanout = 2; COMB Node = 'lpm_add_sub:Add0|addcore:adder|a_csnbuffer:result_node|cs_buffer[1]~COUT'
        Info: 5: + IC(0.000 ns) + CELL(0.200 ns) = 7.400 ns; Loc. = LC3_A14; Fanout = 2; COMB Node = 'lpm_add_sub:Add0|addcore:adder|a_csnbuffer:result_node|cs_buffer[2]~COUT'
        Info: 6: + IC(0.000 ns) + CELL(0.200 ns) = 7.600 ns; Loc. = LC4_A14; Fanout = 2; COMB Node = 'lpm_add_sub:Add0|addcore:adder|a_csnbuffer:result_node|cs_buffer[3]~COUT'
        Info: 7: + IC(0.000 ns) + CELL(0.200 ns) = 7.800 ns; Loc. = LC5_A14; Fanout = 1; COMB Node = 'lpm_add_sub:Add0|addcore:adder|a_csnbuffer:result_node|cs_buffer[4]~COUT'
        Info: 8: + IC(0.000 ns) + CELL(1.100 ns) = 8.900 ns; Loc. = LC6_A14; Fanout = 1; COMB Node = 'lpm_add_sub:Add0|addcore:adder|unreg_res_node[5]'
        Info: 9: + IC(1.800 ns) + CELL(1.400 ns) = 12.100 ns; Loc. = LC2_A13; Fanout = 4; REG Node = 'TEMPERATURE_STORAGE[5]'
        Info: Total cell delay = 7.300 ns ( 60.33 % )
        Info: Total interconnect delay = 4.800 ns ( 39.67 % )
    Info: - Smallest clock skew is -0.800 ns
        Info: + Shortest clock path from clock "TEMPDOWN" to destination register is 8.000 ns
            Info: 1: + IC(0.000 ns) + CELL(1.900 ns) = 1.900 ns; Loc. = PIN_44; Fanout = 5; CLK Node = 'TEMPDOWN'
            Info: 2: + IC(1.700 ns) + CELL(1.900 ns) = 5.500 ns; Loc. = LC7_A13; Fanout = 6; COMB Node = 'TEMPERATURE_STORAGE[5]~35'
            Info: 3: + IC(0.600 ns) + CELL(1.900 ns) = 8.000 ns; Loc. = LC2_A13; Fanout = 4; REG Node = 'TEMPERATURE_STORAGE[5]'
            Info: Total cell delay = 5.700 ns ( 71.25 % )
            Info: Total interconnect delay = 2.300 ns ( 28.75 % )
        Info: - Longest clock path from clock "TEMPDOWN" to source register is 8.800 ns
            Info: 1: + IC(0.000 ns) + CELL(1.900 ns) = 1.900 ns; Loc. = PIN_44; Fanout = 5; CLK Node = 'TEMPDOWN'
            Info: 2: + IC(1.700 ns) + CELL(1.400 ns) = 5.000 ns; Loc. = LC6_A13; Fanout = 1; COMB Node = 'TEMPERATURE_STORAGE[5]~45'
            Info: 3: + IC(0.000 ns) + CELL(1.300 ns) = 6.300 ns; Loc. = LC7_A13; Fanout = 6; COMB Node = 'TEMPERATURE_STORAGE[5]~35'
            Info: 4: + IC(0.600 ns) + CELL(1.900 ns) = 8.800 ns; Loc. = LC4_A13; Fanout = 5; REG Node = 'TEMPERATURE_STORAGE[3]'
            Info: Total cell delay = 6.500 ns ( 73.86 % )
            Info: Total interconnect delay = 2.300 ns ( 26.14 % )
    Info: + Micro clock to output delay of source is 0.000 ns
    Info: + Micro setup delay of destination is 4.400 ns
Info: Clock "RESET" has Internal fmax of 64.94 MHz between source register "FANSPEED_STORAGE[1]" and destination register "FANSPEED_STORAGE[1]" (period= 15.4 ns)
    Info: + Longest register to register delay is 11.000 ns
        Info: 1: + IC(0.000 ns) + CELL(0.000 ns) = 0.000 ns; Loc. = LC4_C17; Fanout = 5; REG Node = 'FANSPEED_STORAGE[1]'
        Info: 2: + IC(0.000 ns) + CELL(6.500 ns) = 6.500 ns; Loc. = LC1_C17; Fanout = 4; COMB LOOP Node = 'FANSPEED_STORAGE[0]~8'
            Info: Loc. = LC2_C17; Node "FANSPEED_STORAGE[1]~6"
            Info: Loc. = LC1_C17; Node "FANSPEED_STORAGE[0]~8"
            Info: Loc. = LC3_C17; Node "FANSPEED_STORAGE[1]~7"
        Info: 3: + IC(0.600 ns) + CELL(1.900 ns) = 9.000 ns; Loc. = LC5_C17; Fanout = 1; COMB Node = 'lpm_add_sub:Add2|addcore:adder|unreg_res_node[1]'
        Info: 4: + IC(0.600 ns) + CELL(1.400 ns) = 11.000 ns; Loc. = LC4_C17; Fanout = 5; REG Node = 'FANSPEED_STORAGE[1]'
        Info: Total cell delay = 9.800 ns ( 89.09 % )
        Info: Total interconnect delay = 1.200 ns ( 10.91 % )
    Info: - Smallest clock skew is 0.000 ns
        Info: + Shortest clock path from clock "RESET" to destination register is 12.400 ns
            Info: 1: + IC(0.000 ns) + CELL(1.900 ns) = 1.900 ns; Loc. = PIN_84; Fanout = 10; CLK Node = 'RESET'
            Info: 2: + IC(0.000 ns) + CELL(8.000 ns) = 9.900 ns; Loc. = LC3_C17; Fanout = 2; COMB LOOP Node = 'FANSPEED_STORAGE[1]~7'
                Info: Loc. = LC2_C17; Node "FANSPEED_STORAGE[1]~6"
                Info: Loc. = LC1_C17; Node "FANSPEED_STORAGE[0]~8"
                Info: Loc. = LC3_C17; Node "FANSPEED_STORAGE[1]~7"
            Info: 3: + IC(0.600 ns) + CELL(1.900 ns) = 12.400 ns; Loc. = LC4_C17; Fanout = 5; REG Node = 'FANSPEED_STORAGE[1]'
            Info: Total cell delay = 11.800 ns ( 95.16 % )
            Info: Total interconnect delay = 0.600 ns ( 4.84 % )
        Info: - Longest clock path from clock "RESET" to source register is 12.400 ns
            Info: 1: + IC(0.000 ns) + CELL(1.900 ns) = 1.900 ns; Loc. = PIN_84; Fanout = 10; CLK Node = 'RESET'
            Info: 2: + IC(0.000 ns) + CELL(8.000 ns) = 9.900 ns; Loc. = LC3_C17; Fanout = 2; COMB LOOP Node = 'FANSPEED_STORAGE[1]~7'
                Info: Loc. = LC2_C17; Node "FANSPEED_STORAGE[1]~6"
                Info: Loc. = LC1_C17; Node "FANSPEED_STORAGE[0]~8"
                Info: Loc. = LC3_C17; Node "FANSPEED_STORAGE[1]~7"
            Info: 3: + IC(0.600 ns) + CELL(1.900 ns) = 12.400 ns; Loc. = LC4_C17; Fanout = 5; REG Node = 'FANSPEED_STORAGE[1]'
            Info: Total cell delay = 11.800 ns ( 95.16 % )
            Info: Total interconnect delay = 0.600 ns ( 4.84 % )
    Info: + Micro clock to output delay of source is 0.000 ns
    Info: + Micro setup delay of destination is 4.400 ns
Info: Clock "FANUP" has Internal fmax of 64.94 MHz between source register "FANSPEED_STORAGE[1]" and destination register "FANSPEED_STORAGE[1]" (period= 15.4 ns)
    Info: + Longest register to register delay is 11.000 ns
        Info: 1: + IC(0.000 ns) + CELL(0.000 ns) = 0.000 ns; Loc. = LC4_C17; Fanout = 5; REG Node = 'FANSPEED_STORAGE[1]'
        Info: 2: + IC(0.000 ns) + CELL(6.500 ns) = 6.500 ns; Loc. = LC1_C17; Fanout = 4; COMB LOOP Node = 'FANSPEED_STORAGE[0]~8'
            Info: Loc. = LC2_C17; Node "FANSPEED_STORAGE[1]~6"
            Info: Loc. = LC1_C17; Node "FANSPEED_STORAGE[0]~8"
            Info: Loc. = LC3_C17; Node "FANSPEED_STORAGE[1]~7"
        Info: 3: + IC(0.600 ns) + CELL(1.900 ns) = 9.000 ns; Loc. = LC5_C17; Fanout = 1; COMB Node = 'lpm_add_sub:Add2|addcore:adder|unreg_res_node[1]'
        Info: 4: + IC(0.600 ns) + CELL(1.400 ns) = 11.000 ns; Loc. = LC4_C17; Fanout = 5; REG Node = 'FANSPEED_STORAGE[1]'
        Info: Total cell delay = 9.800 ns ( 89.09 % )
        Info: Total interconnect delay = 1.200 ns ( 10.91 % )
    Info: - Smallest clock skew is 0.000 ns
        Info: + Shortest clock path from clock "FANUP" to destination register is 9.900 ns
            Info: 1: + IC(0.000 ns) + CELL(1.900 ns) = 1.900 ns; Loc. = PIN_42; Fanout = 4; CLK Node = 'FANUP'
            Info: 2: + IC(0.000 ns) + CELL(5.500 ns) = 7.400 ns; Loc. = LC3_C17; Fanout = 2; COMB LOOP Node = 'FANSPEED_STORAGE[1]~7'
                Info: Loc. = LC2_C17; Node "FANSPEED_STORAGE[1]~6"
                Info: Loc. = LC1_C17; Node "FANSPEED_STORAGE[0]~8"
                Info: Loc. = LC3_C17; Node "FANSPEED_STORAGE[1]~7"
            Info: 3: + IC(0.600 ns) + CELL(1.900 ns) = 9.900 ns; Loc. = LC4_C17; Fanout = 5; REG Node = 'FANSPEED_STORAGE[1]'
            Info: Total cell delay = 9.300 ns ( 93.94 % )
            Info: Total interconnect delay = 0.600 ns ( 6.06 % )
        Info: - Longest clock path from clock "FANUP" to source register is 9.900 ns
            Info: 1: + IC(0.000 ns) + CELL(1.900 ns) = 1.900 ns; Loc. = PIN_42; Fanout = 4; CLK Node = 'FANUP'
            Info: 2: + IC(0.000 ns) + CELL(5.500 ns) = 7.400 ns; Loc. = LC3_C17; Fanout = 2; COMB LOOP Node = 'FANSPEED_STORAGE[1]~7'
                Info: Loc. = LC2_C17; Node "FANSPEED_STORAGE[1]~6"
                Info: Loc. = LC1_C17; Node "FANSPEED_STORAGE[0]~8"
                Info: Loc. = LC3_C17; Node "FANSPEED_STORAGE[1]~7"
            Info: 3: + IC(0.600 ns) + CELL(1.900 ns) = 9.900 ns; Loc. = LC4_C17; Fanout = 5; REG Node = 'FANSPEED_STORAGE[1]'
            Info: Total cell delay = 9.300 ns ( 93.94 % )
            Info: Total interconnect delay = 0.600 ns ( 6.06 % )
    Info: + Micro clock to output delay of source is 0.000 ns
    Info: + Micro setup delay of destination is 4.400 ns
Info: Clock "FANDOWN" has Internal fmax of 64.94 MHz between source register "FANSPEED_STORAGE[1]" and destination register "FANSPEED_STORAGE[1]" (period= 15.4 ns)
    Info: + Longest register to register delay is 11.000 ns
        Info: 1: + IC(0.000 ns) + CELL(0.000 ns) = 0.000 ns; Loc. = LC4_C17; Fanout = 5; REG Node = 'FANSPEED_STORAGE[1]'
        Info: 2: + IC(0.000 ns) + CELL(6.500 ns) = 6.500 ns; Loc. = LC1_C17; Fanout = 4; COMB LOOP Node = 'FANSPEED_STORAGE[0]~8'
            Info: Loc. = LC2_C17; Node "FANSPEED_STORAGE[1]~6"
            Info: Loc. = LC1_C17; Node "FANSPEED_STORAGE[0]~8"
            Info: Loc. = LC3_C17; Node "FANSPEED_STORAGE[1]~7"
        Info: 3: + IC(0.600 ns) + CELL(1.900 ns) = 9.000 ns; Loc. = LC5_C17; Fanout = 1; COMB Node = 'lpm_add_sub:Add2|addcore:adder|unreg_res_node[1]'
        Info: 4: + IC(0.600 ns) + CELL(1.400 ns) = 11.000 ns; Loc. = LC4_C17; Fanout = 5; REG Node = 'FANSPEED_STORAGE[1]'
        Info: Total cell delay = 9.800 ns ( 89.09 % )
        Info: Total interconnect delay = 1.200 ns ( 10.91 % )
    Info: - Smallest clock skew is 0.000 ns
        Info: + Shortest clock path from clock "FANDOWN" to destination register is 9.900 ns
            Info: 1: + IC(0.000 ns) + CELL(1.900 ns) = 1.900 ns; Loc. = PIN_1; Fanout = 3; CLK Node = 'FANDOWN'
            Info: 2: + IC(0.000 ns) + CELL(5.500 ns) = 7.400 ns; Loc. = LC3_C17; Fanout = 2; COMB LOOP Node = 'FANSPEED_STORAGE[1]~7'
                Info: Loc. = LC2_C17; Node "FANSPEED_STORAGE[1]~6"
                Info: Loc. = LC1_C17; Node "FANSPEED_STORAGE[0]~8"
                Info: Loc. = LC3_C17; Node "FANSPEED_STORAGE[1]~7"
            Info: 3: + IC(0.600 ns) + CELL(1.900 ns) = 9.900 ns; Loc. = LC4_C17; Fanout = 5; REG Node = 'FANSPEED_STORAGE[1]'
            Info: Total cell delay = 9.300 ns ( 93.94 % )
            Info: Total interconnect delay = 0.600 ns ( 6.06 % )
        Info: - Longest clock path from clock "FANDOWN" to source register is 9.900 ns
            Info: 1: + IC(0.000 ns) + CELL(1.900 ns) = 1.900 ns; Loc. = PIN_1; Fanout = 3; CLK Node = 'FANDOWN'
            Info: 2: + IC(0.000 ns) + CELL(5.500 ns) = 7.400 ns; Loc. = LC3_C17; Fanout = 2; COMB LOOP Node = 'FANSPEED_STORAGE[1]~7'
                Info: Loc. = LC2_C17; Node "FANSPEED_STORAGE[1]~6"
                Info: Loc. = LC1_C17; Node "FANSPEED_STORAGE[0]~8"
                Info: Loc. = LC3_C17; Node "FANSPEED_STORAGE[1]~7"
            Info: 3: + IC(0.600 ns) + CELL(1.900 ns) = 9.900 ns; Loc. = LC4_C17; Fanout = 5; REG Node = 'FANSPEED_STORAGE[1]'
            Info: Total cell delay = 9.300 ns ( 93.94 % )
            Info: Total interconnect delay = 0.600 ns ( 6.06 % )
    Info: + Micro clock to output delay of source is 0.000 ns
    Info: + Micro setup delay of destination is 4.400 ns
Info: tsu for register "TEMPERATURE_STORAGE[5]" (data pin = "TEMPUP", clock pin = "TEMPUP") is 11.500 ns
    Info: + Longest pin to register delay is 14.800 ns
        Info: 1: + IC(0.000 ns) + CELL(1.900 ns) = 1.900 ns; Loc. = PIN_2; Fanout = 8; CLK Node = 'TEMPUP'
        Info: 2: + IC(1.900 ns) + CELL(1.400 ns) = 5.200 ns; Loc. = LC8_A13; Fanout = 3; COMB Node = 'CHANGE~10'
        Info: 3: + IC(1.800 ns) + CELL(1.400 ns) = 8.400 ns; Loc. = LC8_A14; Fanout = 8; COMB Node = 'CHANGE~11'
        Info: 4: + IC(0.600 ns) + CELL(0.900 ns) = 9.900 ns; Loc. = LC2_A14; Fanout = 2; COMB Node = 'lpm_add_sub:Add0|addcore:adder|a_csnbuffer:result_node|cs_buffer[1]~COUT'
        Info: 5: + IC(0.000 ns) + CELL(0.200 ns) = 10.100 ns; Loc. = LC3_A14; Fanout = 2; COMB Node = 'lpm_add_sub:Add0|addcore:adder|a_csnbuffer:result_node|cs_buffer[2]~COUT'
        Info: 6: + IC(0.000 ns) + CELL(0.200 ns) = 10.300 ns; Loc. = LC4_A14; Fanout = 2; COMB Node = 'lpm_add_sub:Add0|addcore:adder|a_csnbuffer:result_node|cs_buffer[3]~COUT'
        Info: 7: + IC(0.000 ns) + CELL(0.200 ns) = 10.500 ns; Loc. = LC5_A14; Fanout = 1; COMB Node = 'lpm_add_sub:Add0|addcore:adder|a_csnbuffer:result_node|cs_buffer[4]~COUT'
        Info: 8: + IC(0.000 ns) + CELL(1.100 ns) = 11.600 ns; Loc. = LC6_A14; Fanout = 1; COMB Node = 'lpm_add_sub:Add0|addcore:adder|unreg_res_node[5]'
        Info: 9: + IC(1.800 ns) + CELL(1.400 ns) = 14.800 ns; Loc. = LC2_A13; Fanout = 4; REG Node = 'TEMPERATURE_STORAGE[5]'
        Info: Total cell delay = 8.700 ns ( 58.78 % )
        Info: Total interconnect delay = 6.100 ns ( 41.22 % )
    Info: + Micro setup delay of destination is 4.400 ns
    Info: - Shortest clock path from clock "TEMPUP" to destination register is 7.700 ns
        Info: 1: + IC(0.000 ns) + CELL(1.900 ns) = 1.900 ns; Loc. = PIN_2; Fanout = 8; CLK Node = 'TEMPUP'
        Info: 2: + IC(1.900 ns) + CELL(1.400 ns) = 5.200 ns; Loc. = LC7_A13; Fanout = 6; COMB Node = 'TEMPERATURE_STORAGE[5]~35'
        Info: 3: + IC(0.600 ns) + CELL(1.900 ns) = 7.700 ns; Loc. = LC2_A13; Fanout = 4; REG Node = 'TEMPERATURE_STORAGE[5]'
        Info: Total cell delay = 5.200 ns ( 67.53 % )
        Info: Total interconnect delay = 2.500 ns ( 32.47 % )
Info: tco from clock "RESET" to destination pin "FANSPEED[0]" through register "FANSPEED_STORAGE[1]" is 24.000 ns
    Info: + Longest clock path from clock "RESET" to source register is 12.400 ns
        Info: 1: + IC(0.000 ns) + CELL(1.900 ns) = 1.900 ns; Loc. = PIN_84; Fanout = 10; CLK Node = 'RESET'
        Info: 2: + IC(0.000 ns) + CELL(8.000 ns) = 9.900 ns; Loc. = LC3_C17; Fanout = 2; COMB LOOP Node = 'FANSPEED_STORAGE[1]~7'
            Info: Loc. = LC2_C17; Node "FANSPEED_STORAGE[1]~6"
            Info: Loc. = LC1_C17; Node "FANSPEED_STORAGE[0]~8"
            Info: Loc. = LC3_C17; Node "FANSPEED_STORAGE[1]~7"
        Info: 3: + IC(0.600 ns) + CELL(1.900 ns) = 12.400 ns; Loc. = LC4_C17; Fanout = 5; REG Node = 'FANSPEED_STORAGE[1]'
        Info: Total cell delay = 11.800 ns ( 95.16 % )
        Info: Total interconnect delay = 0.600 ns ( 4.84 % )
    Info: + Micro clock to output delay of source is 0.000 ns
    Info: + Longest register to pin delay is 11.600 ns
        Info: 1: + IC(0.000 ns) + CELL(0.000 ns) = 0.000 ns; Loc. = LC4_C17; Fanout = 5; REG Node = 'FANSPEED_STORAGE[1]'
        Info: 2: + IC(0.000 ns) + CELL(6.500 ns) = 6.500 ns; Loc. = LC1_C17; Fanout = 4; COMB LOOP Node = 'FANSPEED_STORAGE[0]~8'
            Info: Loc. = LC2_C17; Node "FANSPEED_STORAGE[1]~6"
            Info: Loc. = LC1_C17; Node "FANSPEED_STORAGE[0]~8"
            Info: Loc. = LC3_C17; Node "FANSPEED_STORAGE[1]~7"
        Info: 3: + IC(1.200 ns) + CELL(3.900 ns) = 11.600 ns; Loc. = PIN_62; Fanout = 0; PIN Node = 'FANSPEED[0]'
        Info: Total cell delay = 10.400 ns ( 89.66 % )
        Info: Total interconnect delay = 1.200 ns ( 10.34 % )
Info: Longest tpd from source pin "FANUP" to destination pin "FANSPEED[0]" is 15.000 ns
    Info: 1: + IC(0.000 ns) + CELL(1.900 ns) = 1.900 ns; Loc. = PIN_42; Fanout = 4; CLK Node = 'FANUP'
    Info: 2: + IC(0.000 ns) + CELL(8.000 ns) = 9.900 ns; Loc. = LC1_C17; Fanout = 4; COMB LOOP Node = 'FANSPEED_STORAGE[0]~8'
        Info: Loc. = LC2_C17; Node "FANSPEED_STORAGE[1]~6"
        Info: Loc. = LC1_C17; Node "FANSPEED_STORAGE[0]~8"
        Info: Loc. = LC3_C17; Node "FANSPEED_STORAGE[1]~7"
    Info: 3: + IC(1.200 ns) + CELL(3.900 ns) = 15.000 ns; Loc. = PIN_62; Fanout = 0; PIN Node = 'FANSPEED[0]'
    Info: Total cell delay = 13.800 ns ( 92.00 % )
    Info: Total interconnect delay = 1.200 ns ( 8.00 % )
Info: th for register "FANSPEED_STORAGE[1]" (data pin = "FANUP", clock pin = "RESET") is 5.000 ns
    Info: + Longest clock path from clock "RESET" to destination register is 12.400 ns
        Info: 1: + IC(0.000 ns) + CELL(1.900 ns) = 1.900 ns; Loc. = PIN_84; Fanout = 10; CLK Node = 'RESET'
        Info: 2: + IC(0.000 ns) + CELL(8.000 ns) = 9.900 ns; Loc. = LC3_C17; Fanout = 2; COMB LOOP Node = 'FANSPEED_STORAGE[1]~7'
            Info: Loc. = LC2_C17; Node "FANSPEED_STORAGE[1]~6"
            Info: Loc. = LC1_C17; Node "FANSPEED_STORAGE[0]~8"
            Info: Loc. = LC3_C17; Node "FANSPEED_STORAGE[1]~7"
        Info: 3: + IC(0.600 ns) + CELL(1.900 ns) = 12.400 ns; Loc. = LC4_C17; Fanout = 5; REG Node = 'FANSPEED_STORAGE[1]'
        Info: Total cell delay = 11.800 ns ( 95.16 % )
        Info: Total interconnect delay = 0.600 ns ( 4.84 % )
    Info: + Micro hold delay of destination is 0.000 ns
    Info: - Shortest pin to register delay is 7.400 ns
        Info: 1: + IC(0.000 ns) + CELL(1.900 ns) = 1.900 ns; Loc. = PIN_42; Fanout = 4; CLK Node = 'FANUP'
        Info: 2: + IC(1.600 ns) + CELL(1.900 ns) = 5.400 ns; Loc. = LC5_C17; Fanout = 1; COMB Node = 'lpm_add_sub:Add2|addcore:adder|unreg_res_node[1]'
        Info: 3: + IC(0.600 ns) + CELL(1.400 ns) = 7.400 ns; Loc. = LC4_C17; Fanout = 5; REG Node = 'FANSPEED_STORAGE[1]'
        Info: Total cell delay = 5.200 ns ( 70.27 % )
        Info: Total interconnect delay = 2.200 ns ( 29.73 % )
Info: Quartus II Classic Timing Analyzer was successful. 0 errors, 14 warnings
    Info: Peak virtual memory: 191 megabytes
    Info: Processing ended: Thu Mar 31 16:24:52 2016
    Info: Elapsed time: 00:00:00
    Info: Total CPU time (on all processors): 00:00:00


