Analysis & Synthesis report for AC_REMOTE
Thu Mar 31 16:24:49 2016
Quartus II Version 9.0 Build 184 04/29/2009 Service Pack 1 SJ Web Edition


---------------------
; Table of Contents ;
---------------------
  1. Legal Notice
  2. Analysis & Synthesis Summary
  3. Analysis & Synthesis Settings
  4. Analysis & Synthesis Source Files Read
  5. Analysis & Synthesis Resource Usage Summary
  6. Analysis & Synthesis Resource Utilization by Entity
  7. User-Specified and Inferred Latches
  8. General Register Statistics
  9. Source assignments for lpm_add_sub:Add0|addcore:adder
 10. Source assignments for lpm_add_sub:Add2|addcore:adder
 11. Parameter Settings for Inferred Entity Instance: lpm_add_sub:Add0
 12. Parameter Settings for Inferred Entity Instance: lpm_add_sub:Add2
 13. Analysis & Synthesis Messages



----------------
; Legal Notice ;
----------------
Copyright (C) 1991-2009 Altera Corporation
Your use of Altera Corporation's design tools, logic functions 
and other software and tools, and its AMPP partner logic 
functions, and any output files from any of the foregoing 
(including device programming or simulation files), and any 
associated documentation or information are expressly subject 
to the terms and conditions of the Altera Program License 
Subscription Agreement, Altera MegaCore Function License 
Agreement, or other applicable license agreement, including, 
without limitation, that your use is for the sole purpose of 
programming logic devices manufactured by Altera and sold by 
Altera or its authorized distributors.  Please refer to the 
applicable agreement for further details.



+----------------------------------------------------------------------------+
; Analysis & Synthesis Summary                                               ;
+-----------------------------+----------------------------------------------+
; Analysis & Synthesis Status ; Successful - Thu Mar 31 16:24:49 2016        ;
; Quartus II Version          ; 9.0 Build 184 04/29/2009 SP 1 SJ Web Edition ;
; Revision Name               ; AC_REMOTE                                    ;
; Top-level Entity Name       ; AC_REMOTE                                    ;
; Family                      ; FLEX10K                                      ;
; Total logic elements        ; 22                                           ;
; Total pins                  ; 13                                           ;
; Total memory bits           ; 0                                            ;
+-----------------------------+----------------------------------------------+


+---------------------------------------------------------------------------------------------+
; Analysis & Synthesis Settings                                                               ;
+--------------------------------------------------------------+--------------+---------------+
; Option                                                       ; Setting      ; Default Value ;
+--------------------------------------------------------------+--------------+---------------+
; Top-level entity name                                        ; AC_REMOTE    ; AC_REMOTE     ;
; Family name                                                  ; FLEX10K      ; Stratix II    ;
; Use Generated Physical Constraints File                      ; Off          ;               ;
; Use smart compilation                                        ; Off          ; Off           ;
; Create Debugging Nodes for IP Cores                          ; Off          ; Off           ;
; Preserve fewer node names                                    ; On           ; On            ;
; Disable OpenCore Plus hardware evaluation                    ; Off          ; Off           ;
; Verilog Version                                              ; Verilog_2001 ; Verilog_2001  ;
; VHDL Version                                                 ; VHDL93       ; VHDL93        ;
; State Machine Processing                                     ; Auto         ; Auto          ;
; Safe State Machine                                           ; Off          ; Off           ;
; Extract Verilog State Machines                               ; On           ; On            ;
; Extract VHDL State Machines                                  ; On           ; On            ;
; Ignore Verilog initial constructs                            ; Off          ; Off           ;
; Iteration limit for constant Verilog loops                   ; 5000         ; 5000          ;
; Iteration limit for non-constant Verilog loops               ; 250          ; 250           ;
; Add Pass-Through Logic to Inferred RAMs                      ; On           ; On            ;
; Parallel Synthesis                                           ; Off          ; Off           ;
; NOT Gate Push-Back                                           ; On           ; On            ;
; Power-Up Don't Care                                          ; On           ; On            ;
; Remove Redundant Logic Cells                                 ; Off          ; Off           ;
; Remove Duplicate Registers                                   ; On           ; On            ;
; Ignore CARRY Buffers                                         ; Off          ; Off           ;
; Ignore CASCADE Buffers                                       ; Off          ; Off           ;
; Ignore GLOBAL Buffers                                        ; Off          ; Off           ;
; Ignore ROW GLOBAL Buffers                                    ; Off          ; Off           ;
; Ignore LCELL Buffers                                         ; Off          ; Off           ;
; Ignore SOFT Buffers                                          ; On           ; On            ;
; Limit AHDL Integers to 32 Bits                               ; Off          ; Off           ;
; Auto Implement in ROM                                        ; Off          ; Off           ;
; Optimization Technique                                       ; Area         ; Area          ;
; Carry Chain Length                                           ; 32           ; 32            ;
; Cascade Chain Length                                         ; 2            ; 2             ;
; Auto Carry Chains                                            ; On           ; On            ;
; Auto Open-Drain Pins                                         ; On           ; On            ;
; Auto ROM Replacement                                         ; On           ; On            ;
; Auto RAM Replacement                                         ; On           ; On            ;
; Auto Clock Enable Replacement                                ; On           ; On            ;
; Strict RAM Replacement                                       ; Off          ; Off           ;
; Auto Resource Sharing                                        ; Off          ; Off           ;
; Allow Any RAM Size For Recognition                           ; Off          ; Off           ;
; Allow Any ROM Size For Recognition                           ; Off          ; Off           ;
; Use LogicLock Constraints during Resource Balancing          ; On           ; On            ;
; Ignore translate_off and synthesis_off directives            ; Off          ; Off           ;
; Show Parameter Settings Tables in Synthesis Report           ; On           ; On            ;
; HDL message level                                            ; Level2       ; Level2        ;
; Suppress Register Optimization Related Messages              ; Off          ; Off           ;
; Number of Removed Registers Reported in Synthesis Report     ; 100          ; 100           ;
; Number of Inverted Registers Reported in Synthesis Report    ; 100          ; 100           ;
; Block Design Naming                                          ; Auto         ; Auto          ;
; Synthesis Effort                                             ; Auto         ; Auto          ;
; Shift Register Replacement - Allow Asynchronous Clear Signal ; On           ; On            ;
; Analysis & Synthesis Message Level                           ; Medium       ; Medium        ;
+--------------------------------------------------------------+--------------+---------------+


+------------------------------------------------------------------------------------------------------------------------------------------------+
; Analysis & Synthesis Source Files Read                                                                                                         ;
+----------------------------------+-----------------+-----------------+-------------------------------------------------------------------------+
; File Name with User-Entered Path ; Used in Netlist ; File Type       ; File Name with Absolute Path                                            ;
+----------------------------------+-----------------+-----------------+-------------------------------------------------------------------------+
; AC_REMOTE.vhd                    ; yes             ; User VHDL File  ; C:/Users/Haresh/Desktop/AC Remote/AC_REMOTE.vhd                         ;
; lpm_add_sub.tdf                  ; yes             ; Megafunction    ; c:/altera/90sp1/quartus/libraries/megafunctions/lpm_add_sub.tdf         ;
; addcore.inc                      ; yes             ; Megafunction    ; c:/altera/90sp1/quartus/libraries/megafunctions/addcore.inc             ;
; look_add.inc                     ; yes             ; Megafunction    ; c:/altera/90sp1/quartus/libraries/megafunctions/look_add.inc            ;
; bypassff.inc                     ; yes             ; Megafunction    ; c:/altera/90sp1/quartus/libraries/megafunctions/bypassff.inc            ;
; altshift.inc                     ; yes             ; Megafunction    ; c:/altera/90sp1/quartus/libraries/megafunctions/altshift.inc            ;
; alt_stratix_add_sub.inc          ; yes             ; Megafunction    ; c:/altera/90sp1/quartus/libraries/megafunctions/alt_stratix_add_sub.inc ;
; alt_mercury_add_sub.inc          ; yes             ; Megafunction    ; c:/altera/90sp1/quartus/libraries/megafunctions/alt_mercury_add_sub.inc ;
; aglobal90.inc                    ; yes             ; Megafunction    ; c:/altera/90sp1/quartus/libraries/megafunctions/aglobal90.inc           ;
; addcore.tdf                      ; yes             ; Megafunction    ; c:/altera/90sp1/quartus/libraries/megafunctions/addcore.tdf             ;
; a_csnbuffer.inc                  ; yes             ; Megafunction    ; c:/altera/90sp1/quartus/libraries/megafunctions/a_csnbuffer.inc         ;
; a_csnbuffer.tdf                  ; yes             ; Megafunction    ; c:/altera/90sp1/quartus/libraries/megafunctions/a_csnbuffer.tdf         ;
; altshift.tdf                     ; yes             ; Megafunction    ; c:/altera/90sp1/quartus/libraries/megafunctions/altshift.tdf            ;
+----------------------------------+-----------------+-----------------+-------------------------------------------------------------------------+


+---------------------------------------------+
; Analysis & Synthesis Resource Usage Summary ;
+-----------------------------------+---------+
; Resource                          ; Usage   ;
+-----------------------------------+---------+
; Total logic elements              ; 22      ;
; Total combinational functions     ; 22      ;
;     -- Total 4-input functions    ; 12      ;
;     -- Total 3-input functions    ; 5       ;
;     -- Total 2-input functions    ; 4       ;
;     -- Total 1-input functions    ; 1       ;
;     -- Total 0-input functions    ; 0       ;
; Total registers                   ; 0       ;
; Total logic cells in carry chains ; 6       ;
; I/O pins                          ; 13      ;
; Maximum fan-out node              ; RESET   ;
; Maximum fan-out                   ; 8       ;
; Total fan-out                     ; 86      ;
; Average fan-out                   ; 2.46    ;
+-----------------------------------+---------+


+--------------------------------------------------------------------------------------------------------------------------------------------------------------------------------------------------------------------------------------------------------------+
; Analysis & Synthesis Resource Utilization by Entity                                                                                                                                                                                                          ;
+------------------------------------+-------------+--------------+-------------+------+--------------+-------------------+------------------+-----------------+------------+-------------------------------------------------------------------+--------------+
; Compilation Hierarchy Node         ; Logic Cells ; LC Registers ; Memory Bits ; Pins ; LUT-Only LCs ; Register-Only LCs ; LUT/Register LCs ; Carry Chain LCs ; Packed LCs ; Full Hierarchy Name                                               ; Library Name ;
+------------------------------------+-------------+--------------+-------------+------+--------------+-------------------+------------------+-----------------+------------+-------------------------------------------------------------------+--------------+
; |AC_REMOTE                         ; 22 (15)     ; 0            ; 0           ; 13   ; 22 (15)      ; 0 (0)             ; 0 (0)            ; 6 (0)           ; 0 (0)      ; |AC_REMOTE                                                        ; work         ;
;    |lpm_add_sub:Add0|              ; 6 (0)       ; 0            ; 0           ; 0    ; 6 (0)        ; 0 (0)             ; 0 (0)            ; 6 (0)           ; 0 (0)      ; |AC_REMOTE|lpm_add_sub:Add0                                       ; work         ;
;       |addcore:adder|              ; 6 (1)       ; 0            ; 0           ; 0    ; 6 (1)        ; 0 (0)             ; 0 (0)            ; 6 (1)           ; 0 (0)      ; |AC_REMOTE|lpm_add_sub:Add0|addcore:adder                         ; work         ;
;          |a_csnbuffer:result_node| ; 5 (5)       ; 0            ; 0           ; 0    ; 5 (5)        ; 0 (0)             ; 0 (0)            ; 5 (5)           ; 0 (0)      ; |AC_REMOTE|lpm_add_sub:Add0|addcore:adder|a_csnbuffer:result_node ; work         ;
;    |lpm_add_sub:Add2|              ; 1 (0)       ; 0            ; 0           ; 0    ; 1 (0)        ; 0 (0)             ; 0 (0)            ; 0 (0)           ; 0 (0)      ; |AC_REMOTE|lpm_add_sub:Add2                                       ; work         ;
;       |addcore:adder|              ; 1 (1)       ; 0            ; 0           ; 0    ; 1 (1)        ; 0 (0)             ; 0 (0)            ; 0 (0)           ; 0 (0)      ; |AC_REMOTE|lpm_add_sub:Add2|addcore:adder                         ; work         ;
+------------------------------------+-------------+--------------+-------------+------+--------------+-------------------+------------------+-----------------+------------+-------------------------------------------------------------------+--------------+
Note: For table entries with two numbers listed, the numbers in parentheses indicate the number of resources of the given type used by the specific entity alone. The numbers listed outside of parentheses indicate the total resources of the given type used by the specific entity and all of its sub-entities in the hierarchy.


+--------------------------------------------------------------------------------------------------------+
; User-Specified and Inferred Latches                                                                    ;
+----------------------------------------------------+--------------------------+------------------------+
; Latch Name                                         ; Latch Enable Signal      ; Free of Timing Hazards ;
+----------------------------------------------------+--------------------------+------------------------+
; TEMPERATURE_STORAGE[0]                             ; TEMPERATURE_STORAGE[5]~7 ; yes                    ;
; TEMPERATURE_STORAGE[1]                             ; TEMPERATURE_STORAGE[5]~7 ; yes                    ;
; TEMPERATURE_STORAGE[2]                             ; TEMPERATURE_STORAGE[5]~7 ; yes                    ;
; TEMPERATURE_STORAGE[3]                             ; TEMPERATURE_STORAGE[5]~7 ; yes                    ;
; TEMPERATURE_STORAGE[4]                             ; TEMPERATURE_STORAGE[5]~7 ; yes                    ;
; TEMPERATURE_STORAGE[5]                             ; TEMPERATURE_STORAGE[5]~7 ; yes                    ;
; FANSPEED_STORAGE[0]                                ; FANSPEED_STORAGE[1]~4    ; yes                    ;
; FANSPEED_STORAGE[1]                                ; FANSPEED_STORAGE[1]~4    ; yes                    ;
; Number of user-specified and inferred latches = 8  ;                          ;                        ;
+----------------------------------------------------+--------------------------+------------------------+
Note: All latches listed above may not be present at the end of synthesis due to various synthesis optimizations.


+------------------------------------------------------+
; General Register Statistics                          ;
+----------------------------------------------+-------+
; Statistic                                    ; Value ;
+----------------------------------------------+-------+
; Total registers                              ; 0     ;
; Number of registers using Synchronous Clear  ; 0     ;
; Number of registers using Synchronous Load   ; 0     ;
; Number of registers using Asynchronous Clear ; 0     ;
; Number of registers using Asynchronous Load  ; 0     ;
; Number of registers using Clock Enable       ; 0     ;
; Number of registers using Preset             ; 0     ;
+----------------------------------------------+-------+


+-------------------------------------------------------+
; Source assignments for lpm_add_sub:Add0|addcore:adder ;
+---------------------------+-------+------+------------+
; Assignment                ; Value ; From ; To         ;
+---------------------------+-------+------+------------+
; SUPPRESS_DA_RULE_INTERNAL ; A103  ; -    ; -          ;
+---------------------------+-------+------+------------+


+-------------------------------------------------------+
; Source assignments for lpm_add_sub:Add2|addcore:adder ;
+---------------------------+-------+------+------------+
; Assignment                ; Value ; From ; To         ;
+---------------------------+-------+------+------------+
; SUPPRESS_DA_RULE_INTERNAL ; A103  ; -    ; -          ;
+---------------------------+-------+------+------------+


+-------------------------------------------------------------------+
; Parameter Settings for Inferred Entity Instance: lpm_add_sub:Add0 ;
+------------------------+-------------+----------------------------+
; Parameter Name         ; Value       ; Type                       ;
+------------------------+-------------+----------------------------+
; LPM_WIDTH              ; 6           ; Untyped                    ;
; LPM_REPRESENTATION     ; UNSIGNED    ; Untyped                    ;
; LPM_DIRECTION          ; DEFAULT     ; Untyped                    ;
; ONE_INPUT_IS_CONSTANT  ; YES         ; Untyped                    ;
; LPM_PIPELINE           ; 0           ; Untyped                    ;
; MAXIMIZE_SPEED         ; 5           ; Untyped                    ;
; REGISTERED_AT_END      ; 0           ; Untyped                    ;
; OPTIMIZE_FOR_SPEED     ; 1           ; Untyped                    ;
; USE_CS_BUFFERS         ; 1           ; Untyped                    ;
; CARRY_CHAIN            ; MANUAL      ; Untyped                    ;
; CARRY_CHAIN_LENGTH     ; 48          ; CARRY_CHAIN_LENGTH         ;
; DEVICE_FAMILY          ; FLEX10K     ; Untyped                    ;
; USE_WYS                ; OFF         ; Untyped                    ;
; STYLE                  ; FAST        ; Untyped                    ;
; CBXI_PARAMETER         ; add_sub_1ii ; Untyped                    ;
; AUTO_CARRY_CHAINS      ; ON          ; AUTO_CARRY                 ;
; IGNORE_CARRY_BUFFERS   ; OFF         ; IGNORE_CARRY               ;
; AUTO_CASCADE_CHAINS    ; ON          ; AUTO_CASCADE               ;
; IGNORE_CASCADE_BUFFERS ; OFF         ; IGNORE_CASCADE             ;
+------------------------+-------------+----------------------------+
Note: In order to hide this table in the UI and the text report file, please set the "Show Parameter Settings Tables in Synthesis Report" option in "Analysis and Synthesis Settings -> More Settings" to "Off".


+-------------------------------------------------------------------+
; Parameter Settings for Inferred Entity Instance: lpm_add_sub:Add2 ;
+------------------------+-------------+----------------------------+
; Parameter Name         ; Value       ; Type                       ;
+------------------------+-------------+----------------------------+
; LPM_WIDTH              ; 2           ; Untyped                    ;
; LPM_REPRESENTATION     ; UNSIGNED    ; Untyped                    ;
; LPM_DIRECTION          ; DEFAULT     ; Untyped                    ;
; ONE_INPUT_IS_CONSTANT  ; YES         ; Untyped                    ;
; LPM_PIPELINE           ; 0           ; Untyped                    ;
; MAXIMIZE_SPEED         ; 5           ; Untyped                    ;
; REGISTERED_AT_END      ; 0           ; Untyped                    ;
; OPTIMIZE_FOR_SPEED     ; 1           ; Untyped                    ;
; USE_CS_BUFFERS         ; 1           ; Untyped                    ;
; CARRY_CHAIN            ; MANUAL      ; Untyped                    ;
; CARRY_CHAIN_LENGTH     ; 48          ; CARRY_CHAIN_LENGTH         ;
; DEVICE_FAMILY          ; FLEX10K     ; Untyped                    ;
; USE_WYS                ; OFF         ; Untyped                    ;
; STYLE                  ; FAST        ; Untyped                    ;
; CBXI_PARAMETER         ; add_sub_thi ; Untyped                    ;
; AUTO_CARRY_CHAINS      ; ON          ; AUTO_CARRY                 ;
; IGNORE_CARRY_BUFFERS   ; OFF         ; IGNORE_CARRY               ;
; AUTO_CASCADE_CHAINS    ; ON          ; AUTO_CASCADE               ;
; IGNORE_CASCADE_BUFFERS ; OFF         ; IGNORE_CASCADE             ;
+------------------------+-------------+----------------------------+
Note: In order to hide this table in the UI and the text report file, please set the "Show Parameter Settings Tables in Synthesis Report" option in "Analysis and Synthesis Settings -> More Settings" to "Off".


+-------------------------------+
; Analysis & Synthesis Messages ;
+-------------------------------+
Info: *******************************************************************
Info: Running Quartus II Analysis & Synthesis
    Info: Version 9.0 Build 184 04/29/2009 Service Pack 1 SJ Web Edition
    Info: Processing started: Thu Mar 31 16:24:47 2016
Info: Command: quartus_map --read_settings_files=on --write_settings_files=off AC_REMOTE -c AC_REMOTE
Info: Found 2 design units, including 1 entities, in source file AC_REMOTE.vhd
    Info: Found design unit 1: AC_REMOTE-LOGIC
    Info: Found entity 1: AC_REMOTE
Info: Elaborating entity "AC_REMOTE" for the top level hierarchy
Warning (10492): VHDL Process Statement warning at AC_REMOTE.vhd(40): signal "TEMPERATURE_STORAGE" is read inside the Process Statement but isn't in the Process Statement's sensitivity list
Warning (10492): VHDL Process Statement warning at AC_REMOTE.vhd(41): signal "TEMPERATURE_STORAGE" is read inside the Process Statement but isn't in the Process Statement's sensitivity list
Warning (10492): VHDL Process Statement warning at AC_REMOTE.vhd(42): signal "TEMPERATURE_STORAGE" is read inside the Process Statement but isn't in the Process Statement's sensitivity list
Warning (10492): VHDL Process Statement warning at AC_REMOTE.vhd(43): signal "TEMPERATURE_STORAGE" is read inside the Process Statement but isn't in the Process Statement's sensitivity list
Warning (10492): VHDL Process Statement warning at AC_REMOTE.vhd(47): signal "FANSPEED_STORAGE" is read inside the Process Statement but isn't in the Process Statement's sensitivity list
Warning (10492): VHDL Process Statement warning at AC_REMOTE.vhd(48): signal "FANSPEED_STORAGE" is read inside the Process Statement but isn't in the Process Statement's sensitivity list
Warning (10492): VHDL Process Statement warning at AC_REMOTE.vhd(49): signal "FANSPEED_STORAGE" is read inside the Process Statement but isn't in the Process Statement's sensitivity list
Warning (10492): VHDL Process Statement warning at AC_REMOTE.vhd(50): signal "FANSPEED_STORAGE" is read inside the Process Statement but isn't in the Process Statement's sensitivity list
Warning (10631): VHDL Process Statement warning at AC_REMOTE.vhd(27): inferring latch(es) for signal or variable "TEMPERATURE_STORAGE", which holds its previous value in one or more paths through the process
Warning (10631): VHDL Process Statement warning at AC_REMOTE.vhd(27): inferring latch(es) for signal or variable "FANSPEED_STORAGE", which holds its previous value in one or more paths through the process
Info (10041): Inferred latch for "FANSPEED_STORAGE[0]" at AC_REMOTE.vhd(27)
Info (10041): Inferred latch for "FANSPEED_STORAGE[1]" at AC_REMOTE.vhd(27)
Info (10041): Inferred latch for "TEMPERATURE_STORAGE[0]" at AC_REMOTE.vhd(27)
Info (10041): Inferred latch for "TEMPERATURE_STORAGE[1]" at AC_REMOTE.vhd(27)
Info (10041): Inferred latch for "TEMPERATURE_STORAGE[2]" at AC_REMOTE.vhd(27)
Info (10041): Inferred latch for "TEMPERATURE_STORAGE[3]" at AC_REMOTE.vhd(27)
Info (10041): Inferred latch for "TEMPERATURE_STORAGE[4]" at AC_REMOTE.vhd(27)
Info (10041): Inferred latch for "TEMPERATURE_STORAGE[5]" at AC_REMOTE.vhd(27)
Info: Inferred 2 megafunctions from design logic
    Info: Inferred adder/subtractor megafunction ("lpm_add_sub") from the following logic: "Add0"
    Info: Inferred adder/subtractor megafunction ("lpm_add_sub") from the following logic: "Add2"
Info: Elaborated megafunction instantiation "lpm_add_sub:Add0"
Info: Instantiated megafunction "lpm_add_sub:Add0" with the following parameter:
    Info: Parameter "LPM_WIDTH" = "6"
    Info: Parameter "LPM_DIRECTION" = "DEFAULT"
    Info: Parameter "LPM_REPRESENTATION" = "UNSIGNED"
    Info: Parameter "ONE_INPUT_IS_CONSTANT" = "YES"
Info: Elaborated megafunction instantiation "lpm_add_sub:Add0|addcore:adder", which is child of megafunction instantiation "lpm_add_sub:Add0"
Info: Elaborated megafunction instantiation "lpm_add_sub:Add0|addcore:adder|a_csnbuffer:oflow_node", which is child of megafunction instantiation "lpm_add_sub:Add0"
Info: Elaborated megafunction instantiation "lpm_add_sub:Add0|addcore:adder|a_csnbuffer:result_node", which is child of megafunction instantiation "lpm_add_sub:Add0"
Info: Elaborated megafunction instantiation "lpm_add_sub:Add0|altshift:result_ext_latency_ffs", which is child of megafunction instantiation "lpm_add_sub:Add0"
Info: Elaborated megafunction instantiation "lpm_add_sub:Add0|altshift:carry_ext_latency_ffs", which is child of megafunction instantiation "lpm_add_sub:Add0"
Info: Elaborated megafunction instantiation "lpm_add_sub:Add2"
Info: Instantiated megafunction "lpm_add_sub:Add2" with the following parameter:
    Info: Parameter "LPM_WIDTH" = "2"
    Info: Parameter "LPM_DIRECTION" = "DEFAULT"
    Info: Parameter "LPM_REPRESENTATION" = "UNSIGNED"
    Info: Parameter "ONE_INPUT_IS_CONSTANT" = "YES"
Info: Elaborated megafunction instantiation "lpm_add_sub:Add2|addcore:adder", which is child of megafunction instantiation "lpm_add_sub:Add2"
Info: Elaborated megafunction instantiation "lpm_add_sub:Add2|addcore:adder|a_csnbuffer:oflow_node", which is child of megafunction instantiation "lpm_add_sub:Add2"
Info: Elaborated megafunction instantiation "lpm_add_sub:Add2|addcore:adder|a_csnbuffer:result_node", which is child of megafunction instantiation "lpm_add_sub:Add2"
Info: Elaborated megafunction instantiation "lpm_add_sub:Add2|altshift:result_ext_latency_ffs", which is child of megafunction instantiation "lpm_add_sub:Add2"
Info: Ignored 2 buffer(s)
    Info: Ignored 2 SOFT buffer(s)
Warning: Latch FANSPEED_STORAGE[1] has unsafe behavior
    Warning: Ports D and ENA on the latch are fed by the same signal FANSPEED_STORAGE[0]
Info: Implemented 35 device resources after synthesis - the final resource count might be different
    Info: Implemented 5 input pins
    Info: Implemented 8 output pins
    Info: Implemented 22 logic cells
Info: Quartus II Analysis & Synthesis was successful. 0 errors, 12 warnings
    Info: Peak virtual memory: 256 megabytes
    Info: Processing ended: Thu Mar 31 16:24:49 2016
    Info: Elapsed time: 00:00:02
    Info: Total CPU time (on all processors): 00:00:01


